{"/Users/andeladeveloper/Desktop/team-kenya/kenya-cfh/gruntfile.js":{"path":"/Users/andeladeveloper/Desktop/team-kenya/kenya-cfh/gruntfile.js","statementMap":{"0":{"start":{"line":1,"column":0},"end":{"line":112,"column":2}},"1":{"start":{"line":3,"column":4},"end":{"line":90,"column":7}},"2":{"start":{"line":93,"column":4},"end":{"line":93,"column":46}},"3":{"start":{"line":94,"column":4},"end":{"line":94,"column":47}},"4":{"start":{"line":95,"column":4},"end":{"line":95,"column":43}},"5":{"start":{"line":96,"column":4},"end":{"line":96,"column":40}},"6":{"start":{"line":97,"column":4},"end":{"line":97,"column":43}},"7":{"start":{"line":98,"column":4},"end":{"line":98,"column":45}},"8":{"start":{"line":99,"column":4},"end":{"line":99,"column":43}},"9":{"start":{"line":102,"column":4},"end":{"line":102,"column":32}},"10":{"start":{"line":105,"column":4},"end":{"line":105,"column":68}},"11":{"start":{"line":108,"column":4},"end":{"line":108,"column":46}},"12":{"start":{"line":111,"column":4},"end":{"line":111,"column":45}}},"fnMap":{"0":{"name":"(anonymous_0)","decl":{"start":{"line":1,"column":17},"end":{"line":1,"column":18}},"loc":{"start":{"line":1,"column":33},"end":{"line":112,"column":1}},"line":1}},"branchMap":{},"s":{"0":1,"1":1,"2":1,"3":1,"4":1,"5":1,"6":1,"7":1,"8":1,"9":1,"10":1,"11":1,"12":1},"f":{"0":1},"b":{},"_coverageSchema":"332fd63041d2c1bcb487cc26dd0d5f7d97098a6c","hash":"962de7c46af6f175820fbcb0c4ef4fca3505cf7f","contentHash":"7faf87fd26501a5870b85bbb725ed4f9_11.3.0"},"/Users/andeladeveloper/Desktop/team-kenya/kenya-cfh/server.js":{"path":"/Users/andeladeveloper/Desktop/team-kenya/kenya-cfh/server.js","statementMap":{"0":{"start":{"line":1,"column":0},"end":{"line":1,"column":27}},"1":{"start":{"line":5,"column":14},"end":{"line":5,"column":32}},"2":{"start":{"line":6,"column":9},"end":{"line":6,"column":22}},"3":{"start":{"line":7,"column":15},"end":{"line":7,"column":34}},"4":{"start":{"line":8,"column":13},"end":{"line":8,"column":35}},"5":{"start":{"line":9,"column":9},"end":{"line":9,"column":29}},"6":{"start":{"line":18,"column":10},"end":{"line":18,"column":70}},"7":{"start":{"line":19,"column":13},"end":{"line":19,"column":39}},"8":{"start":{"line":20,"column":11},"end":{"line":20,"column":56}},"9":{"start":{"line":21,"column":15},"end":{"line":21,"column":34}},"10":{"start":{"line":24,"column":9},"end":{"line":24,"column":36}},"11":{"start":{"line":27,"column":18},"end":{"line":27,"column":43}},"12":{"start":{"line":28,"column":11},"end":{"line":40,"column":1}},"13":{"start":{"line":29,"column":4},"end":{"line":39,"column":7}},"14":{"start":{"line":30,"column":22},"end":{"line":30,"column":39}},"15":{"start":{"line":31,"column":19},"end":{"line":31,"column":39}},"16":{"start":{"line":32,"column":8},"end":{"line":38,"column":9}},"17":{"start":{"line":33,"column":12},"end":{"line":35,"column":13}},"18":{"start":{"line":34,"column":16},"end":{"line":34,"column":33}},"19":{"start":{"line":36,"column":15},"end":{"line":38,"column":9}},"20":{"start":{"line":37,"column":12},"end":{"line":37,"column":26}},"21":{"start":{"line":41,"column":0},"end":{"line":41,"column":18}},"22":{"start":{"line":44,"column":0},"end":{"line":44,"column":39}},"23":{"start":{"line":46,"column":10},"end":{"line":46,"column":19}},"24":{"start":{"line":48,"column":0},"end":{"line":50,"column":3}},"25":{"start":{"line":49,"column":4},"end":{"line":49,"column":11}},"26":{"start":{"line":53,"column":0},"end":{"line":53,"column":53}},"27":{"start":{"line":56,"column":0},"end":{"line":56,"column":48}},"28":{"start":{"line":59,"column":11},"end":{"line":59,"column":22}},"29":{"start":{"line":60,"column":13},"end":{"line":60,"column":29}},"30":{"start":{"line":61,"column":12},"end":{"line":61,"column":45}},"31":{"start":{"line":63,"column":0},"end":{"line":63,"column":41}},"32":{"start":{"line":64,"column":0},"end":{"line":64,"column":51}},"33":{"start":{"line":67,"column":0},"end":{"line":67,"column":37}},"34":{"start":{"line":70,"column":0},"end":{"line":70,"column":31}}},"fnMap":{"0":{"name":"(anonymous_0)","decl":{"start":{"line":28,"column":11},"end":{"line":28,"column":12}},"loc":{"start":{"line":28,"column":26},"end":{"line":40,"column":1}},"line":28},"1":{"name":"(anonymous_1)","decl":{"start":{"line":29,"column":33},"end":{"line":29,"column":34}},"loc":{"start":{"line":29,"column":48},"end":{"line":39,"column":5}},"line":29},"2":{"name":"(anonymous_2)","decl":{"start":{"line":48,"column":8},"end":{"line":48,"column":9}},"loc":{"start":{"line":48,"column":32},"end":{"line":50,"column":1}},"line":48}},"branchMap":{"0":{"loc":{"start":{"line":18,"column":33},"end":{"line":18,"column":70}},"type":"binary-expr","locations":[{"start":{"line":18,"column":33},"end":{"line":18,"column":53}},{"start":{"line":18,"column":57},"end":{"line":18,"column":70}}],"line":18},"1":{"loc":{"start":{"line":32,"column":8},"end":{"line":38,"column":9}},"type":"if","locations":[{"start":{"line":32,"column":8},"end":{"line":38,"column":9}},{"start":{"line":32,"column":8},"end":{"line":38,"column":9}}],"line":32},"2":{"loc":{"start":{"line":33,"column":12},"end":{"line":35,"column":13}},"type":"if","locations":[{"start":{"line":33,"column":12},"end":{"line":35,"column":13}},{"start":{"line":33,"column":12},"end":{"line":35,"column":13}}],"line":33},"3":{"loc":{"start":{"line":36,"column":15},"end":{"line":38,"column":9}},"type":"if","locations":[{"start":{"line":36,"column":15},"end":{"line":38,"column":9}},{"start":{"line":36,"column":15},"end":{"line":38,"column":9}}],"line":36}},"s":{"0":1,"1":1,"2":1,"3":1,"4":1,"5":1,"6":1,"7":1,"8":1,"9":1,"10":1,"11":1,"12":1,"13":1,"14":3,"15":3,"16":3,"17":3,"18":3,"19":0,"20":0,"21":1,"22":1,"23":1,"24":1,"25":0,"26":1,"27":1,"28":1,"29":1,"30":1,"31":1,"32":1,"33":1,"34":1},"f":{"0":1,"1":3,"2":0},"b":{"0":[1,1],"1":[3,0],"2":[3,0],"3":[0,0]},"_coverageSchema":"332fd63041d2c1bcb487cc26dd0d5f7d97098a6c","hash":"5553a5b02859fb18e0d035c69b3dfc8b3177477a","contentHash":"3b41efec8949db274431678ee33a8dab_11.3.0"},"/Users/andeladeveloper/Desktop/team-kenya/kenya-cfh/config/config.js":{"path":"/Users/andeladeveloper/Desktop/team-kenya/kenya-cfh/config/config.js","statementMap":{"0":{"start":{"line":1,"column":8},"end":{"line":1,"column":29}},"1":{"start":{"line":5,"column":0},"end":{"line":7,"column":83}}},"fnMap":{},"branchMap":{"0":{"loc":{"start":{"line":7,"column":4},"end":{"line":7,"column":81}},"type":"binary-expr","locations":[{"start":{"line":7,"column":4},"end":{"line":7,"column":75}},{"start":{"line":7,"column":79},"end":{"line":7,"column":81}}],"line":7}},"s":{"0":1,"1":1},"f":{},"b":{"0":[1,0]},"_coverageSchema":"332fd63041d2c1bcb487cc26dd0d5f7d97098a6c","hash":"50ca90cb64762be92f8c2ec522053a0c53b65495","contentHash":"6d0034772917c3f7cd608e0906ad61d3_11.3.0"},"/Users/andeladeveloper/Desktop/team-kenya/kenya-cfh/config/env/all.js":{"path":"/Users/andeladeveloper/Desktop/team-kenya/kenya-cfh/config/env/all.js","statementMap":{"0":{"start":{"line":1,"column":11},"end":{"line":1,"column":26}},"1":{"start":{"line":2,"column":11},"end":{"line":2,"column":47}},"2":{"start":{"line":3,"column":11},"end":{"line":3,"column":33}},"3":{"start":{"line":5,"column":0},"end":{"line":9,"column":2}}},"fnMap":{},"branchMap":{"0":{"loc":{"start":{"line":7,"column":7},"end":{"line":7,"column":31}},"type":"binary-expr","locations":[{"start":{"line":7,"column":7},"end":{"line":7,"column":23}},{"start":{"line":7,"column":27},"end":{"line":7,"column":31}}],"line":7}},"s":{"0":1,"1":1,"2":1,"3":1},"f":{},"b":{"0":[1,1]},"_coverageSchema":"332fd63041d2c1bcb487cc26dd0d5f7d97098a6c","hash":"713aa4c3c4a62772506de91c4948822f88920e3a","contentHash":"e012e1e19cccbe8f4035f67ac178fc02_11.3.0"},"/Users/andeladeveloper/Desktop/team-kenya/kenya-cfh/config/middlewares/authorization.js":{"path":"/Users/andeladeveloper/Desktop/team-kenya/kenya-cfh/config/middlewares/authorization.js","statementMap":{"0":{"start":{"line":4,"column":0},"end":{"line":9,"column":2}},"1":{"start":{"line":5,"column":4},"end":{"line":7,"column":5}},"2":{"start":{"line":6,"column":8},"end":{"line":6,"column":55}},"3":{"start":{"line":8,"column":4},"end":{"line":8,"column":11}},"4":{"start":{"line":14,"column":0},"end":{"line":21,"column":2}},"5":{"start":{"line":16,"column":8},"end":{"line":18,"column":9}},"6":{"start":{"line":17,"column":12},"end":{"line":17,"column":59}},"7":{"start":{"line":19,"column":8},"end":{"line":19,"column":15}}},"fnMap":{"0":{"name":"(anonymous_0)","decl":{"start":{"line":4,"column":24},"end":{"line":4,"column":25}},"loc":{"start":{"line":4,"column":49},"end":{"line":9,"column":1}},"line":4},"1":{"name":"(anonymous_1)","decl":{"start":{"line":15,"column":22},"end":{"line":15,"column":23}},"loc":{"start":{"line":15,"column":47},"end":{"line":20,"column":5}},"line":15}},"branchMap":{"0":{"loc":{"start":{"line":5,"column":4},"end":{"line":7,"column":5}},"type":"if","locations":[{"start":{"line":5,"column":4},"end":{"line":7,"column":5}},{"start":{"line":5,"column":4},"end":{"line":7,"column":5}}],"line":5},"1":{"loc":{"start":{"line":16,"column":8},"end":{"line":18,"column":9}},"type":"if","locations":[{"start":{"line":16,"column":8},"end":{"line":18,"column":9}},{"start":{"line":16,"column":8},"end":{"line":18,"column":9}}],"line":16}},"s":{"0":1,"1":0,"2":0,"3":0,"4":1,"5":0,"6":0,"7":0},"f":{"0":0,"1":0},"b":{"0":[0,0],"1":[0,0]},"_coverageSchema":"332fd63041d2c1bcb487cc26dd0d5f7d97098a6c","hash":"77e66f52550680b3ed090edb3cd98efb52f67b85","contentHash":"94bc275b233ab12a2f4f05abc56eb52e_11.3.0"},"/Users/andeladeveloper/Desktop/team-kenya/kenya-cfh/app/models/answer.js":{"path":"/Users/andeladeveloper/Desktop/team-kenya/kenya-cfh/app/models/answer.js","statementMap":{"0":{"start":{"line":4,"column":15},"end":{"line":4,"column":34}},"1":{"start":{"line":5,"column":13},"end":{"line":5,"column":43}},"2":{"start":{"line":6,"column":13},"end":{"line":6,"column":28}},"3":{"start":{"line":11,"column":19},"end":{"line":28,"column":2}},"4":{"start":{"line":33,"column":0},"end":{"line":39,"column":2}},"5":{"start":{"line":35,"column":8},"end":{"line":37,"column":35}},"6":{"start":{"line":41,"column":0},"end":{"line":41,"column":39}}},"fnMap":{"0":{"name":"(anonymous_0)","decl":{"start":{"line":34,"column":10},"end":{"line":34,"column":11}},"loc":{"start":{"line":34,"column":27},"end":{"line":38,"column":5}},"line":34}},"branchMap":{},"s":{"0":1,"1":1,"2":1,"3":1,"4":1,"5":0,"6":1},"f":{"0":0},"b":{},"_coverageSchema":"332fd63041d2c1bcb487cc26dd0d5f7d97098a6c","hash":"b40a25aec3d6e9f543bef482c6546dd0338a741d","contentHash":"9e72909fa94f0ad04b29935e2217fd49_11.3.0"},"/Users/andeladeveloper/Desktop/team-kenya/kenya-cfh/app/models/question.js":{"path":"/Users/andeladeveloper/Desktop/team-kenya/kenya-cfh/app/models/question.js","statementMap":{"0":{"start":{"line":4,"column":15},"end":{"line":4,"column":34}},"1":{"start":{"line":5,"column":13},"end":{"line":5,"column":43}},"2":{"start":{"line":6,"column":13},"end":{"line":6,"column":28}},"3":{"start":{"line":12,"column":21},"end":{"line":32,"column":2}},"4":{"start":{"line":37,"column":0},"end":{"line":43,"column":2}},"5":{"start":{"line":39,"column":8},"end":{"line":41,"column":35}},"6":{"start":{"line":45,"column":0},"end":{"line":45,"column":43}}},"fnMap":{"0":{"name":"(anonymous_0)","decl":{"start":{"line":38,"column":10},"end":{"line":38,"column":11}},"loc":{"start":{"line":38,"column":27},"end":{"line":42,"column":5}},"line":38}},"branchMap":{},"s":{"0":1,"1":1,"2":1,"3":1,"4":1,"5":0,"6":1},"f":{"0":0},"b":{},"_coverageSchema":"332fd63041d2c1bcb487cc26dd0d5f7d97098a6c","hash":"bc151e321346aeb660a4dbc1da47fc9622d1b1e7","contentHash":"1f590f04499f4a9fe3cdbc6bf65a93be_11.3.0"},"/Users/andeladeveloper/Desktop/team-kenya/kenya-cfh/app/models/user.js":{"path":"/Users/andeladeveloper/Desktop/team-kenya/kenya-cfh/app/models/user.js","statementMap":{"0":{"start":{"line":4,"column":15},"end":{"line":4,"column":34}},"1":{"start":{"line":5,"column":13},"end":{"line":5,"column":28}},"2":{"start":{"line":6,"column":13},"end":{"line":6,"column":32}},"3":{"start":{"line":7,"column":8},"end":{"line":7,"column":29}},"4":{"start":{"line":8,"column":16},"end":{"line":8,"column":59}},"5":{"start":{"line":14,"column":17},"end":{"line":27,"column":2}},"6":{"start":{"line":32,"column":0},"end":{"line":37,"column":3}},"7":{"start":{"line":33,"column":4},"end":{"line":33,"column":30}},"8":{"start":{"line":34,"column":4},"end":{"line":34,"column":58}},"9":{"start":{"line":36,"column":4},"end":{"line":36,"column":26}},"10":{"start":{"line":42,"column":25},"end":{"line":44,"column":1}},"11":{"start":{"line":43,"column":4},"end":{"line":43,"column":33}},"12":{"start":{"line":47,"column":0},"end":{"line":51,"column":27}},"13":{"start":{"line":49,"column":4},"end":{"line":49,"column":61}},"14":{"start":{"line":49,"column":49},"end":{"line":49,"column":61}},"15":{"start":{"line":50,"column":4},"end":{"line":50,"column":23}},"16":{"start":{"line":53,"column":0},"end":{"line":57,"column":28}},"17":{"start":{"line":55,"column":4},"end":{"line":55,"column":61}},"18":{"start":{"line":55,"column":49},"end":{"line":55,"column":61}},"19":{"start":{"line":56,"column":4},"end":{"line":56,"column":24}},"20":{"start":{"line":59,"column":0},"end":{"line":63,"column":31}},"21":{"start":{"line":61,"column":4},"end":{"line":61,"column":61}},"22":{"start":{"line":61,"column":49},"end":{"line":61,"column":61}},"23":{"start":{"line":62,"column":4},"end":{"line":62,"column":27}},"24":{"start":{"line":65,"column":0},"end":{"line":69,"column":31}},"25":{"start":{"line":67,"column":4},"end":{"line":67,"column":61}},"26":{"start":{"line":67,"column":49},"end":{"line":67,"column":61}},"27":{"start":{"line":68,"column":4},"end":{"line":68,"column":34}},"28":{"start":{"line":75,"column":0},"end":{"line":82,"column":3}},"29":{"start":{"line":76,"column":4},"end":{"line":76,"column":35}},"30":{"start":{"line":76,"column":21},"end":{"line":76,"column":35}},"31":{"start":{"line":78,"column":4},"end":{"line":81,"column":15}},"32":{"start":{"line":79,"column":8},"end":{"line":79,"column":44}},"33":{"start":{"line":81,"column":8},"end":{"line":81,"column":15}},"34":{"start":{"line":87,"column":0},"end":{"line":113,"column":2}},"35":{"start":{"line":96,"column":8},"end":{"line":98,"column":9}},"36":{"start":{"line":97,"column":12},"end":{"line":97,"column":25}},"37":{"start":{"line":99,"column":8},"end":{"line":99,"column":66}},"38":{"start":{"line":110,"column":8},"end":{"line":110,"column":33}},"39":{"start":{"line":110,"column":23},"end":{"line":110,"column":33}},"40":{"start":{"line":111,"column":8},"end":{"line":111,"column":65}},"41":{"start":{"line":115,"column":0},"end":{"line":115,"column":35}}},"fnMap":{"0":{"name":"(anonymous_0)","decl":{"start":{"line":32,"column":35},"end":{"line":32,"column":36}},"loc":{"start":{"line":32,"column":54},"end":{"line":35,"column":1}},"line":32},"1":{"name":"(anonymous_1)","decl":{"start":{"line":35,"column":7},"end":{"line":35,"column":8}},"loc":{"start":{"line":35,"column":18},"end":{"line":37,"column":1}},"line":35},"2":{"name":"(anonymous_2)","decl":{"start":{"line":42,"column":25},"end":{"line":42,"column":26}},"loc":{"start":{"line":42,"column":41},"end":{"line":44,"column":1}},"line":42},"3":{"name":"(anonymous_3)","decl":{"start":{"line":47,"column":33},"end":{"line":47,"column":34}},"loc":{"start":{"line":47,"column":48},"end":{"line":51,"column":1}},"line":47},"4":{"name":"(anonymous_4)","decl":{"start":{"line":53,"column":34},"end":{"line":53,"column":35}},"loc":{"start":{"line":53,"column":50},"end":{"line":57,"column":1}},"line":53},"5":{"name":"(anonymous_5)","decl":{"start":{"line":59,"column":37},"end":{"line":59,"column":38}},"loc":{"start":{"line":59,"column":56},"end":{"line":63,"column":1}},"line":59},"6":{"name":"(anonymous_6)","decl":{"start":{"line":65,"column":44},"end":{"line":65,"column":45}},"loc":{"start":{"line":65,"column":70},"end":{"line":69,"column":1}},"line":65},"7":{"name":"(anonymous_7)","decl":{"start":{"line":75,"column":23},"end":{"line":75,"column":24}},"loc":{"start":{"line":75,"column":38},"end":{"line":82,"column":1}},"line":75},"8":{"name":"(anonymous_8)","decl":{"start":{"line":95,"column":18},"end":{"line":95,"column":19}},"loc":{"start":{"line":95,"column":38},"end":{"line":100,"column":5}},"line":95},"9":{"name":"(anonymous_9)","decl":{"start":{"line":109,"column":21},"end":{"line":109,"column":22}},"loc":{"start":{"line":109,"column":40},"end":{"line":112,"column":5}},"line":109}},"branchMap":{"0":{"loc":{"start":{"line":43,"column":11},"end":{"line":43,"column":32}},"type":"binary-expr","locations":[{"start":{"line":43,"column":11},"end":{"line":43,"column":16}},{"start":{"line":43,"column":20},"end":{"line":43,"column":32}}],"line":43},"1":{"loc":{"start":{"line":49,"column":4},"end":{"line":49,"column":61}},"type":"if","locations":[{"start":{"line":49,"column":4},"end":{"line":49,"column":61}},{"start":{"line":49,"column":4},"end":{"line":49,"column":61}}],"line":49},"2":{"loc":{"start":{"line":55,"column":4},"end":{"line":55,"column":61}},"type":"if","locations":[{"start":{"line":55,"column":4},"end":{"line":55,"column":61}},{"start":{"line":55,"column":4},"end":{"line":55,"column":61}}],"line":55},"3":{"loc":{"start":{"line":61,"column":4},"end":{"line":61,"column":61}},"type":"if","locations":[{"start":{"line":61,"column":4},"end":{"line":61,"column":61}},{"start":{"line":61,"column":4},"end":{"line":61,"column":61}}],"line":61},"4":{"loc":{"start":{"line":67,"column":4},"end":{"line":67,"column":61}},"type":"if","locations":[{"start":{"line":67,"column":4},"end":{"line":67,"column":61}},{"start":{"line":67,"column":4},"end":{"line":67,"column":61}}],"line":67},"5":{"loc":{"start":{"line":76,"column":4},"end":{"line":76,"column":35}},"type":"if","locations":[{"start":{"line":76,"column":4},"end":{"line":76,"column":35}},{"start":{"line":76,"column":4},"end":{"line":76,"column":35}}],"line":76},"6":{"loc":{"start":{"line":78,"column":4},"end":{"line":81,"column":15}},"type":"if","locations":[{"start":{"line":78,"column":4},"end":{"line":81,"column":15}},{"start":{"line":78,"column":4},"end":{"line":81,"column":15}}],"line":78},"7":{"loc":{"start":{"line":78,"column":8},"end":{"line":78,"column":85}},"type":"binary-expr","locations":[{"start":{"line":78,"column":8},"end":{"line":78,"column":42}},{"start":{"line":78,"column":46},"end":{"line":78,"column":85}}],"line":78},"8":{"loc":{"start":{"line":96,"column":8},"end":{"line":98,"column":9}},"type":"if","locations":[{"start":{"line":96,"column":8},"end":{"line":98,"column":9}},{"start":{"line":96,"column":8},"end":{"line":98,"column":9}}],"line":96},"9":{"loc":{"start":{"line":96,"column":12},"end":{"line":96,"column":47}},"type":"binary-expr","locations":[{"start":{"line":96,"column":12},"end":{"line":96,"column":22}},{"start":{"line":96,"column":26},"end":{"line":96,"column":47}}],"line":96},"10":{"loc":{"start":{"line":110,"column":8},"end":{"line":110,"column":33}},"type":"if","locations":[{"start":{"line":110,"column":8},"end":{"line":110,"column":33}},{"start":{"line":110,"column":8},"end":{"line":110,"column":33}}],"line":110}},"s":{"0":1,"1":1,"2":1,"3":1,"4":1,"5":1,"6":1,"7":1,"8":1,"9":1,"10":1,"11":1,"12":1,"13":2,"14":0,"15":2,"16":1,"17":1,"18":0,"19":1,"20":1,"21":1,"22":0,"23":1,"24":1,"25":1,"26":0,"27":1,"28":1,"29":1,"30":0,"31":1,"32":0,"33":1,"34":1,"35":0,"36":0,"37":0,"38":1,"39":0,"40":1,"41":1},"f":{"0":1,"1":1,"2":1,"3":2,"4":1,"5":1,"6":1,"7":1,"8":0,"9":1},"b":{"0":[1,1],"1":[0,2],"2":[0,1],"3":[0,1],"4":[0,1],"5":[0,1],"6":[0,1],"7":[1,0],"8":[0,0],"9":[0,0],"10":[0,1]},"_coverageSchema":"332fd63041d2c1bcb487cc26dd0d5f7d97098a6c","hash":"9f202172953bd79abf873a0067c265c3034f905b","contentHash":"2a697cff342a602cb2443ea2cb485ebd_11.3.0"},"/Users/andeladeveloper/Desktop/team-kenya/kenya-cfh/config/passport.js":{"path":"/Users/andeladeveloper/Desktop/team-kenya/kenya-cfh/config/passport.js","statementMap":{"0":{"start":{"line":1,"column":15},"end":{"line":1,"column":34}},"1":{"start":{"line":2,"column":20},"end":{"line":2,"column":54}},"2":{"start":{"line":3,"column":22},"end":{"line":3,"column":58}},"3":{"start":{"line":4,"column":23},"end":{"line":4,"column":60}},"4":{"start":{"line":5,"column":21},"end":{"line":5,"column":56}},"5":{"start":{"line":6,"column":21},"end":{"line":6,"column":68}},"6":{"start":{"line":7,"column":11},"end":{"line":7,"column":33}},"7":{"start":{"line":8,"column":13},"end":{"line":8,"column":32}},"8":{"start":{"line":11,"column":0},"end":{"line":186,"column":2}},"9":{"start":{"line":13,"column":4},"end":{"line":15,"column":7}},"10":{"start":{"line":14,"column":8},"end":{"line":14,"column":28}},"11":{"start":{"line":17,"column":4},"end":{"line":26,"column":7}},"12":{"start":{"line":18,"column":8},"end":{"line":25,"column":11}},"13":{"start":{"line":21,"column":12},"end":{"line":21,"column":30}},"14":{"start":{"line":22,"column":12},"end":{"line":22,"column":33}},"15":{"start":{"line":23,"column":12},"end":{"line":23,"column":40}},"16":{"start":{"line":24,"column":12},"end":{"line":24,"column":28}},"17":{"start":{"line":29,"column":4},"end":{"line":55,"column":7}},"18":{"start":{"line":34,"column":12},"end":{"line":53,"column":15}},"19":{"start":{"line":37,"column":16},"end":{"line":39,"column":17}},"20":{"start":{"line":38,"column":20},"end":{"line":38,"column":37}},"21":{"start":{"line":40,"column":16},"end":{"line":44,"column":17}},"22":{"start":{"line":41,"column":20},"end":{"line":43,"column":23}},"23":{"start":{"line":45,"column":16},"end":{"line":49,"column":17}},"24":{"start":{"line":46,"column":20},"end":{"line":48,"column":23}},"25":{"start":{"line":50,"column":16},"end":{"line":50,"column":34}},"26":{"start":{"line":51,"column":16},"end":{"line":51,"column":44}},"27":{"start":{"line":52,"column":16},"end":{"line":52,"column":40}},"28":{"start":{"line":58,"column":4},"end":{"line":86,"column":7}},"29":{"start":{"line":64,"column":12},"end":{"line":84,"column":15}},"30":{"start":{"line":67,"column":16},"end":{"line":69,"column":17}},"31":{"start":{"line":68,"column":20},"end":{"line":68,"column":37}},"32":{"start":{"line":70,"column":16},"end":{"line":83,"column":17}},"33":{"start":{"line":71,"column":20},"end":{"line":76,"column":23}},"34":{"start":{"line":77,"column":20},"end":{"line":80,"column":23}},"35":{"start":{"line":78,"column":24},"end":{"line":78,"column":50}},"36":{"start":{"line":78,"column":33},"end":{"line":78,"column":50}},"37":{"start":{"line":79,"column":24},"end":{"line":79,"column":47}},"38":{"start":{"line":82,"column":20},"end":{"line":82,"column":43}},"39":{"start":{"line":89,"column":4},"end":{"line":121,"column":7}},"40":{"start":{"line":95,"column":12},"end":{"line":119,"column":15}},"41":{"start":{"line":98,"column":16},"end":{"line":100,"column":17}},"42":{"start":{"line":99,"column":20},"end":{"line":99,"column":37}},"43":{"start":{"line":101,"column":16},"end":{"line":118,"column":17}},"44":{"start":{"line":102,"column":20},"end":{"line":102,"column":41}},"45":{"start":{"line":103,"column":20},"end":{"line":109,"column":23}},"46":{"start":{"line":110,"column":20},"end":{"line":114,"column":23}},"47":{"start":{"line":111,"column":24},"end":{"line":111,"column":50}},"48":{"start":{"line":111,"column":33},"end":{"line":111,"column":50}},"49":{"start":{"line":112,"column":24},"end":{"line":112,"column":45}},"50":{"start":{"line":113,"column":24},"end":{"line":113,"column":47}},"51":{"start":{"line":116,"column":20},"end":{"line":116,"column":41}},"52":{"start":{"line":117,"column":20},"end":{"line":117,"column":43}},"53":{"start":{"line":124,"column":4},"end":{"line":153,"column":7}},"54":{"start":{"line":130,"column":12},"end":{"line":151,"column":15}},"55":{"start":{"line":133,"column":16},"end":{"line":135,"column":17}},"56":{"start":{"line":134,"column":20},"end":{"line":134,"column":37}},"57":{"start":{"line":136,"column":16},"end":{"line":150,"column":17}},"58":{"start":{"line":137,"column":20},"end":{"line":143,"column":23}},"59":{"start":{"line":144,"column":20},"end":{"line":147,"column":23}},"60":{"start":{"line":145,"column":24},"end":{"line":145,"column":50}},"61":{"start":{"line":145,"column":33},"end":{"line":145,"column":50}},"62":{"start":{"line":146,"column":24},"end":{"line":146,"column":47}},"63":{"start":{"line":149,"column":20},"end":{"line":149,"column":43}},"64":{"start":{"line":156,"column":4},"end":{"line":185,"column":7}},"65":{"start":{"line":162,"column":12},"end":{"line":183,"column":15}},"66":{"start":{"line":165,"column":16},"end":{"line":167,"column":17}},"67":{"start":{"line":166,"column":20},"end":{"line":166,"column":37}},"68":{"start":{"line":168,"column":16},"end":{"line":182,"column":17}},"69":{"start":{"line":169,"column":20},"end":{"line":175,"column":23}},"70":{"start":{"line":176,"column":20},"end":{"line":179,"column":23}},"71":{"start":{"line":177,"column":24},"end":{"line":177,"column":50}},"72":{"start":{"line":177,"column":33},"end":{"line":177,"column":50}},"73":{"start":{"line":178,"column":24},"end":{"line":178,"column":47}},"74":{"start":{"line":181,"column":20},"end":{"line":181,"column":43}}},"fnMap":{"0":{"name":"(anonymous_0)","decl":{"start":{"line":11,"column":17},"end":{"line":11,"column":18}},"loc":{"start":{"line":11,"column":36},"end":{"line":186,"column":1}},"line":11},"1":{"name":"(anonymous_1)","decl":{"start":{"line":13,"column":27},"end":{"line":13,"column":28}},"loc":{"start":{"line":13,"column":48},"end":{"line":15,"column":5}},"line":13},"2":{"name":"(anonymous_2)","decl":{"start":{"line":17,"column":29},"end":{"line":17,"column":30}},"loc":{"start":{"line":17,"column":48},"end":{"line":26,"column":5}},"line":17},"3":{"name":"(anonymous_3)","decl":{"start":{"line":20,"column":11},"end":{"line":20,"column":12}},"loc":{"start":{"line":20,"column":31},"end":{"line":25,"column":9}},"line":20},"4":{"name":"(anonymous_4)","decl":{"start":{"line":33,"column":8},"end":{"line":33,"column":9}},"loc":{"start":{"line":33,"column":40},"end":{"line":54,"column":9}},"line":33},"5":{"name":"(anonymous_5)","decl":{"start":{"line":36,"column":15},"end":{"line":36,"column":16}},"loc":{"start":{"line":36,"column":35},"end":{"line":53,"column":13}},"line":36},"6":{"name":"(anonymous_6)","decl":{"start":{"line":63,"column":8},"end":{"line":63,"column":9}},"loc":{"start":{"line":63,"column":52},"end":{"line":85,"column":9}},"line":63},"7":{"name":"(anonymous_7)","decl":{"start":{"line":66,"column":15},"end":{"line":66,"column":16}},"loc":{"start":{"line":66,"column":35},"end":{"line":84,"column":13}},"line":66},"8":{"name":"(anonymous_8)","decl":{"start":{"line":77,"column":30},"end":{"line":77,"column":31}},"loc":{"start":{"line":77,"column":44},"end":{"line":80,"column":21}},"line":77},"9":{"name":"(anonymous_9)","decl":{"start":{"line":94,"column":8},"end":{"line":94,"column":9}},"loc":{"start":{"line":94,"column":59},"end":{"line":120,"column":9}},"line":94},"10":{"name":"(anonymous_10)","decl":{"start":{"line":97,"column":15},"end":{"line":97,"column":16}},"loc":{"start":{"line":97,"column":35},"end":{"line":119,"column":13}},"line":97},"11":{"name":"(anonymous_11)","decl":{"start":{"line":110,"column":30},"end":{"line":110,"column":31}},"loc":{"start":{"line":110,"column":44},"end":{"line":114,"column":21}},"line":110},"12":{"name":"(anonymous_12)","decl":{"start":{"line":129,"column":8},"end":{"line":129,"column":9}},"loc":{"start":{"line":129,"column":59},"end":{"line":152,"column":9}},"line":129},"13":{"name":"(anonymous_13)","decl":{"start":{"line":132,"column":15},"end":{"line":132,"column":16}},"loc":{"start":{"line":132,"column":35},"end":{"line":151,"column":13}},"line":132},"14":{"name":"(anonymous_14)","decl":{"start":{"line":144,"column":30},"end":{"line":144,"column":31}},"loc":{"start":{"line":144,"column":44},"end":{"line":147,"column":21}},"line":144},"15":{"name":"(anonymous_15)","decl":{"start":{"line":161,"column":8},"end":{"line":161,"column":9}},"loc":{"start":{"line":161,"column":59},"end":{"line":184,"column":9}},"line":161},"16":{"name":"(anonymous_16)","decl":{"start":{"line":164,"column":15},"end":{"line":164,"column":16}},"loc":{"start":{"line":164,"column":35},"end":{"line":183,"column":13}},"line":164},"17":{"name":"(anonymous_17)","decl":{"start":{"line":176,"column":30},"end":{"line":176,"column":31}},"loc":{"start":{"line":176,"column":44},"end":{"line":179,"column":21}},"line":176}},"branchMap":{"0":{"loc":{"start":{"line":37,"column":16},"end":{"line":39,"column":17}},"type":"if","locations":[{"start":{"line":37,"column":16},"end":{"line":39,"column":17}},{"start":{"line":37,"column":16},"end":{"line":39,"column":17}}],"line":37},"1":{"loc":{"start":{"line":40,"column":16},"end":{"line":44,"column":17}},"type":"if","locations":[{"start":{"line":40,"column":16},"end":{"line":44,"column":17}},{"start":{"line":40,"column":16},"end":{"line":44,"column":17}}],"line":40},"2":{"loc":{"start":{"line":45,"column":16},"end":{"line":49,"column":17}},"type":"if","locations":[{"start":{"line":45,"column":16},"end":{"line":49,"column":17}},{"start":{"line":45,"column":16},"end":{"line":49,"column":17}}],"line":45},"3":{"loc":{"start":{"line":59,"column":25},"end":{"line":59,"column":84}},"type":"binary-expr","locations":[{"start":{"line":59,"column":25},"end":{"line":59,"column":57}},{"start":{"line":59,"column":61},"end":{"line":59,"column":84}}],"line":59},"4":{"loc":{"start":{"line":60,"column":28},"end":{"line":60,"column":94}},"type":"binary-expr","locations":[{"start":{"line":60,"column":28},"end":{"line":60,"column":63}},{"start":{"line":60,"column":67},"end":{"line":60,"column":94}}],"line":60},"5":{"loc":{"start":{"line":67,"column":16},"end":{"line":69,"column":17}},"type":"if","locations":[{"start":{"line":67,"column":16},"end":{"line":69,"column":17}},{"start":{"line":67,"column":16},"end":{"line":69,"column":17}}],"line":67},"6":{"loc":{"start":{"line":70,"column":16},"end":{"line":83,"column":17}},"type":"if","locations":[{"start":{"line":70,"column":16},"end":{"line":83,"column":17}},{"start":{"line":70,"column":16},"end":{"line":83,"column":17}}],"line":70},"7":{"loc":{"start":{"line":78,"column":24},"end":{"line":78,"column":50}},"type":"if","locations":[{"start":{"line":78,"column":24},"end":{"line":78,"column":50}},{"start":{"line":78,"column":24},"end":{"line":78,"column":50}}],"line":78},"8":{"loc":{"start":{"line":90,"column":22},"end":{"line":90,"column":74}},"type":"binary-expr","locations":[{"start":{"line":90,"column":22},"end":{"line":90,"column":46}},{"start":{"line":90,"column":50},"end":{"line":90,"column":74}}],"line":90},"9":{"loc":{"start":{"line":91,"column":26},"end":{"line":91,"column":86}},"type":"binary-expr","locations":[{"start":{"line":91,"column":26},"end":{"line":91,"column":54}},{"start":{"line":91,"column":58},"end":{"line":91,"column":86}}],"line":91},"10":{"loc":{"start":{"line":98,"column":16},"end":{"line":100,"column":17}},"type":"if","locations":[{"start":{"line":98,"column":16},"end":{"line":100,"column":17}},{"start":{"line":98,"column":16},"end":{"line":100,"column":17}}],"line":98},"11":{"loc":{"start":{"line":101,"column":16},"end":{"line":118,"column":17}},"type":"if","locations":[{"start":{"line":101,"column":16},"end":{"line":118,"column":17}},{"start":{"line":101,"column":16},"end":{"line":118,"column":17}}],"line":101},"12":{"loc":{"start":{"line":105,"column":31},"end":{"line":105,"column":80}},"type":"binary-expr","locations":[{"start":{"line":105,"column":32},"end":{"line":105,"column":46}},{"start":{"line":105,"column":50},"end":{"line":105,"column":73}},{"start":{"line":105,"column":78},"end":{"line":105,"column":80}}],"line":105},"13":{"loc":{"start":{"line":111,"column":24},"end":{"line":111,"column":50}},"type":"if","locations":[{"start":{"line":111,"column":24},"end":{"line":111,"column":50}},{"start":{"line":111,"column":24},"end":{"line":111,"column":50}}],"line":111},"14":{"loc":{"start":{"line":125,"column":22},"end":{"line":125,"column":76}},"type":"binary-expr","locations":[{"start":{"line":125,"column":22},"end":{"line":125,"column":50}},{"start":{"line":125,"column":54},"end":{"line":125,"column":76}}],"line":125},"15":{"loc":{"start":{"line":126,"column":26},"end":{"line":126,"column":88}},"type":"binary-expr","locations":[{"start":{"line":126,"column":26},"end":{"line":126,"column":58}},{"start":{"line":126,"column":62},"end":{"line":126,"column":88}}],"line":126},"16":{"loc":{"start":{"line":133,"column":16},"end":{"line":135,"column":17}},"type":"if","locations":[{"start":{"line":133,"column":16},"end":{"line":135,"column":17}},{"start":{"line":133,"column":16},"end":{"line":135,"column":17}}],"line":133},"17":{"loc":{"start":{"line":136,"column":16},"end":{"line":150,"column":17}},"type":"if","locations":[{"start":{"line":136,"column":16},"end":{"line":150,"column":17}},{"start":{"line":136,"column":16},"end":{"line":150,"column":17}}],"line":136},"18":{"loc":{"start":{"line":145,"column":24},"end":{"line":145,"column":50}},"type":"if","locations":[{"start":{"line":145,"column":24},"end":{"line":145,"column":50}},{"start":{"line":145,"column":24},"end":{"line":145,"column":50}}],"line":145},"19":{"loc":{"start":{"line":157,"column":22},"end":{"line":157,"column":76}},"type":"binary-expr","locations":[{"start":{"line":157,"column":22},"end":{"line":157,"column":50}},{"start":{"line":157,"column":54},"end":{"line":157,"column":76}}],"line":157},"20":{"loc":{"start":{"line":158,"column":26},"end":{"line":158,"column":88}},"type":"binary-expr","locations":[{"start":{"line":158,"column":26},"end":{"line":158,"column":58}},{"start":{"line":158,"column":62},"end":{"line":158,"column":88}}],"line":158},"21":{"loc":{"start":{"line":165,"column":16},"end":{"line":167,"column":17}},"type":"if","locations":[{"start":{"line":165,"column":16},"end":{"line":167,"column":17}},{"start":{"line":165,"column":16},"end":{"line":167,"column":17}}],"line":165},"22":{"loc":{"start":{"line":168,"column":16},"end":{"line":182,"column":17}},"type":"if","locations":[{"start":{"line":168,"column":16},"end":{"line":182,"column":17}},{"start":{"line":168,"column":16},"end":{"line":182,"column":17}}],"line":168},"23":{"loc":{"start":{"line":177,"column":24},"end":{"line":177,"column":50}},"type":"if","locations":[{"start":{"line":177,"column":24},"end":{"line":177,"column":50}},{"start":{"line":177,"column":24},"end":{"line":177,"column":50}}],"line":177}},"s":{"0":1,"1":1,"2":1,"3":1,"4":1,"5":1,"6":1,"7":1,"8":1,"9":1,"10":0,"11":1,"12":0,"13":0,"14":0,"15":0,"16":0,"17":1,"18":0,"19":0,"20":0,"21":0,"22":0,"23":0,"24":0,"25":0,"26":0,"27":0,"28":1,"29":0,"30":0,"31":0,"32":0,"33":0,"34":0,"35":0,"36":0,"37":0,"38":0,"39":1,"40":0,"41":0,"42":0,"43":0,"44":0,"45":0,"46":0,"47":0,"48":0,"49":0,"50":0,"51":0,"52":0,"53":1,"54":0,"55":0,"56":0,"57":0,"58":0,"59":0,"60":0,"61":0,"62":0,"63":0,"64":1,"65":0,"66":0,"67":0,"68":0,"69":0,"70":0,"71":0,"72":0,"73":0,"74":0},"f":{"0":1,"1":0,"2":0,"3":0,"4":0,"5":0,"6":0,"7":0,"8":0,"9":0,"10":0,"11":0,"12":0,"13":0,"14":0,"15":0,"16":0,"17":0},"b":{"0":[0,0],"1":[0,0],"2":[0,0],"3":[1,1],"4":[1,1],"5":[0,0],"6":[0,0],"7":[0,0],"8":[1,1],"9":[1,1],"10":[0,0],"11":[0,0],"12":[0,0,0],"13":[0,0],"14":[1,1],"15":[1,1],"16":[0,0],"17":[0,0],"18":[0,0],"19":[1,1],"20":[1,1],"21":[0,0],"22":[0,0],"23":[0,0]},"_coverageSchema":"332fd63041d2c1bcb487cc26dd0d5f7d97098a6c","hash":"77b1d680e52836d5705df836676f8e1283cba93e","contentHash":"4913367bf5e55c9c351f3bbf8301aac3_11.3.0"},"/Users/andeladeveloper/Desktop/team-kenya/kenya-cfh/config/express.js":{"path":"/Users/andeladeveloper/Desktop/team-kenya/kenya-cfh/config/express.js","statementMap":{"0":{"start":{"line":4,"column":14},"end":{"line":4,"column":32}},"1":{"start":{"line":5,"column":17},"end":{"line":5,"column":50}},"2":{"start":{"line":6,"column":12},"end":{"line":6,"column":36}},"3":{"start":{"line":7,"column":14},"end":{"line":7,"column":37}},"4":{"start":{"line":8,"column":13},"end":{"line":8,"column":32}},"5":{"start":{"line":10,"column":0},"end":{"line":91,"column":2}},"6":{"start":{"line":11,"column":4},"end":{"line":11,"column":36}},"7":{"start":{"line":14,"column":4},"end":{"line":19,"column":8}},"8":{"start":{"line":16,"column":12},"end":{"line":16,"column":84}},"9":{"start":{"line":22,"column":4},"end":{"line":22,"column":31}},"10":{"start":{"line":23,"column":4},"end":{"line":23,"column":53}},"11":{"start":{"line":26,"column":4},"end":{"line":28,"column":5}},"12":{"start":{"line":27,"column":8},"end":{"line":27,"column":39}},"13":{"start":{"line":31,"column":4},"end":{"line":31,"column":49}},"14":{"start":{"line":32,"column":4},"end":{"line":32,"column":35}},"15":{"start":{"line":35,"column":4},"end":{"line":35,"column":33}},"16":{"start":{"line":37,"column":4},"end":{"line":90,"column":7}},"17":{"start":{"line":39,"column":8},"end":{"line":39,"column":40}},"18":{"start":{"line":42,"column":8},"end":{"line":42,"column":38}},"19":{"start":{"line":43,"column":8},"end":{"line":43,"column":42}},"20":{"start":{"line":46,"column":8},"end":{"line":53,"column":12}},"21":{"start":{"line":56,"column":8},"end":{"line":56,"column":25}},"22":{"start":{"line":59,"column":8},"end":{"line":59,"column":42}},"23":{"start":{"line":62,"column":8},"end":{"line":62,"column":39}},"24":{"start":{"line":63,"column":8},"end":{"line":63,"column":36}},"25":{"start":{"line":66,"column":8},"end":{"line":66,"column":28}},"26":{"start":{"line":69,"column":8},"end":{"line":80,"column":11}},"27":{"start":{"line":71,"column":12},"end":{"line":71,"column":65}},"28":{"start":{"line":71,"column":51},"end":{"line":71,"column":65}},"29":{"start":{"line":74,"column":12},"end":{"line":74,"column":37}},"30":{"start":{"line":77,"column":12},"end":{"line":79,"column":15}},"31":{"start":{"line":83,"column":8},"end":{"line":88,"column":11}},"32":{"start":{"line":84,"column":12},"end":{"line":87,"column":15}}},"fnMap":{"0":{"name":"(anonymous_0)","decl":{"start":{"line":10,"column":17},"end":{"line":10,"column":18}},"loc":{"start":{"line":10,"column":51},"end":{"line":91,"column":1}},"line":10},"1":{"name":"(anonymous_1)","decl":{"start":{"line":15,"column":16},"end":{"line":15,"column":17}},"loc":{"start":{"line":15,"column":35},"end":{"line":17,"column":9}},"line":15},"2":{"name":"(anonymous_2)","decl":{"start":{"line":37,"column":18},"end":{"line":37,"column":19}},"loc":{"start":{"line":37,"column":29},"end":{"line":90,"column":5}},"line":37},"3":{"name":"(anonymous_3)","decl":{"start":{"line":69,"column":16},"end":{"line":69,"column":17}},"loc":{"start":{"line":69,"column":46},"end":{"line":80,"column":9}},"line":69},"4":{"name":"(anonymous_4)","decl":{"start":{"line":83,"column":16},"end":{"line":83,"column":17}},"loc":{"start":{"line":83,"column":41},"end":{"line":88,"column":9}},"line":83}},"branchMap":{"0":{"loc":{"start":{"line":26,"column":4},"end":{"line":28,"column":5}},"type":"if","locations":[{"start":{"line":26,"column":4},"end":{"line":28,"column":5}},{"start":{"line":26,"column":4},"end":{"line":28,"column":5}}],"line":26},"1":{"loc":{"start":{"line":71,"column":12},"end":{"line":71,"column":65}},"type":"if","locations":[{"start":{"line":71,"column":12},"end":{"line":71,"column":65}},{"start":{"line":71,"column":12},"end":{"line":71,"column":65}}],"line":71}},"s":{"0":1,"1":1,"2":1,"3":1,"4":1,"5":1,"6":1,"7":1,"8":0,"9":1,"10":1,"11":1,"12":1,"13":1,"14":1,"15":1,"16":1,"17":1,"18":1,"19":1,"20":1,"21":1,"22":1,"23":1,"24":1,"25":1,"26":1,"27":0,"28":0,"29":0,"30":0,"31":1,"32":0},"f":{"0":1,"1":0,"2":1,"3":0,"4":0},"b":{"0":[1,0],"1":[0,0]},"_coverageSchema":"332fd63041d2c1bcb487cc26dd0d5f7d97098a6c","hash":"5e35e8f48c98c56d824e355da4fdca08fb2fea11","contentHash":"0bda0ff1b5494230bd3c1b71915e719a_11.3.0"},"/Users/andeladeveloper/Desktop/team-kenya/kenya-cfh/config/routes.js":{"path":"/Users/andeladeveloper/Desktop/team-kenya/kenya-cfh/config/routes.js","statementMap":{"0":{"start":{"line":1,"column":12},"end":{"line":1,"column":28}},"1":{"start":{"line":3,"column":0},"end":{"line":93,"column":2}},"2":{"start":{"line":5,"column":16},"end":{"line":5,"column":51}},"3":{"start":{"line":6,"column":4},"end":{"line":6,"column":37}},"4":{"start":{"line":7,"column":4},"end":{"line":7,"column":37}},"5":{"start":{"line":8,"column":4},"end":{"line":8,"column":49}},"6":{"start":{"line":9,"column":4},"end":{"line":9,"column":39}},"7":{"start":{"line":12,"column":4},"end":{"line":12,"column":37}},"8":{"start":{"line":13,"column":4},"end":{"line":13,"column":46}},"9":{"start":{"line":16,"column":4},"end":{"line":16,"column":46}},"10":{"start":{"line":18,"column":4},"end":{"line":21,"column":23}},"11":{"start":{"line":23,"column":4},"end":{"line":23,"column":35}},"12":{"start":{"line":24,"column":4},"end":{"line":24,"column":42}},"13":{"start":{"line":27,"column":4},"end":{"line":30,"column":22}},"14":{"start":{"line":32,"column":4},"end":{"line":34,"column":28}},"15":{"start":{"line":37,"column":4},"end":{"line":39,"column":22}},"16":{"start":{"line":41,"column":4},"end":{"line":43,"column":28}},"17":{"start":{"line":46,"column":4},"end":{"line":48,"column":22}},"18":{"start":{"line":50,"column":4},"end":{"line":52,"column":28}},"19":{"start":{"line":55,"column":4},"end":{"line":61,"column":22}},"20":{"start":{"line":63,"column":4},"end":{"line":65,"column":28}},"21":{"start":{"line":68,"column":4},"end":{"line":68,"column":36}},"22":{"start":{"line":71,"column":18},"end":{"line":71,"column":55}},"23":{"start":{"line":72,"column":4},"end":{"line":72,"column":37}},"24":{"start":{"line":73,"column":4},"end":{"line":73,"column":48}},"25":{"start":{"line":75,"column":4},"end":{"line":75,"column":42}},"26":{"start":{"line":78,"column":20},"end":{"line":78,"column":59}},"27":{"start":{"line":79,"column":4},"end":{"line":79,"column":41}},"28":{"start":{"line":80,"column":4},"end":{"line":80,"column":54}},"29":{"start":{"line":82,"column":4},"end":{"line":82,"column":48}},"30":{"start":{"line":85,"column":18},"end":{"line":85,"column":55}},"31":{"start":{"line":86,"column":4},"end":{"line":86,"column":41}},"32":{"start":{"line":89,"column":16},"end":{"line":89,"column":51}},"33":{"start":{"line":90,"column":4},"end":{"line":90,"column":33}},"34":{"start":{"line":91,"column":4},"end":{"line":91,"column":31}}},"fnMap":{"0":{"name":"(anonymous_0)","decl":{"start":{"line":3,"column":17},"end":{"line":3,"column":18}},"loc":{"start":{"line":3,"column":47},"end":{"line":93,"column":1}},"line":3}},"branchMap":{},"s":{"0":1,"1":1,"2":1,"3":1,"4":1,"5":1,"6":1,"7":1,"8":1,"9":1,"10":1,"11":1,"12":1,"13":1,"14":1,"15":1,"16":1,"17":1,"18":1,"19":1,"20":1,"21":1,"22":1,"23":1,"24":1,"25":1,"26":1,"27":1,"28":1,"29":1,"30":1,"31":1,"32":1,"33":1,"34":1},"f":{"0":1},"b":{},"_coverageSchema":"332fd63041d2c1bcb487cc26dd0d5f7d97098a6c","hash":"f709e70af14b63366545654f894ed2d3c8f6ff44","contentHash":"faa2b89afa38af92c7b45a366154bcc7_11.3.0"},"/Users/andeladeveloper/Desktop/team-kenya/kenya-cfh/app/controllers/users.js":{"path":"/Users/andeladeveloper/Desktop/team-kenya/kenya-cfh/app/controllers/users.js","statementMap":{"0":{"start":{"line":4,"column":15},"end":{"line":4,"column":34}},"1":{"start":{"line":5,"column":9},"end":{"line":5,"column":31}},"2":{"start":{"line":6,"column":14},"end":{"line":6,"column":40}},"3":{"start":{"line":11,"column":0},"end":{"line":13,"column":2}},"4":{"start":{"line":12,"column":2},"end":{"line":12,"column":33}},"5":{"start":{"line":18,"column":0},"end":{"line":24,"column":2}},"6":{"start":{"line":19,"column":2},"end":{"line":23,"column":3}},"7":{"start":{"line":20,"column":4},"end":{"line":20,"column":45}},"8":{"start":{"line":22,"column":4},"end":{"line":22,"column":28}},"9":{"start":{"line":29,"column":0},"end":{"line":35,"column":2}},"10":{"start":{"line":30,"column":2},"end":{"line":34,"column":3}},"11":{"start":{"line":31,"column":4},"end":{"line":31,"column":31}},"12":{"start":{"line":33,"column":4},"end":{"line":33,"column":28}},"13":{"start":{"line":40,"column":0},"end":{"line":43,"column":2}},"14":{"start":{"line":41,"column":2},"end":{"line":41,"column":15}},"15":{"start":{"line":42,"column":2},"end":{"line":42,"column":20}},"16":{"start":{"line":48,"column":0},"end":{"line":50,"column":2}},"17":{"start":{"line":49,"column":2},"end":{"line":49,"column":20}},"18":{"start":{"line":57,"column":0},"end":{"line":74,"column":2}},"19":{"start":{"line":58,"column":2},"end":{"line":72,"column":3}},"20":{"start":{"line":59,"column":4},"end":{"line":68,"column":7}},"21":{"start":{"line":63,"column":6},"end":{"line":67,"column":7}},"22":{"start":{"line":64,"column":8},"end":{"line":64,"column":29}},"23":{"start":{"line":66,"column":8},"end":{"line":66,"column":42}},"24":{"start":{"line":71,"column":4},"end":{"line":71,"column":22}},"25":{"start":{"line":79,"column":0},"end":{"line":108,"column":2}},"26":{"start":{"line":80,"column":2},"end":{"line":107,"column":3}},"27":{"start":{"line":81,"column":4},"end":{"line":104,"column":7}},"28":{"start":{"line":84,"column":6},"end":{"line":103,"column":7}},"29":{"start":{"line":85,"column":19},"end":{"line":85,"column":37}},"30":{"start":{"line":87,"column":8},"end":{"line":87,"column":43}},"31":{"start":{"line":88,"column":8},"end":{"line":88,"column":32}},"32":{"start":{"line":89,"column":8},"end":{"line":100,"column":11}},"33":{"start":{"line":90,"column":10},"end":{"line":95,"column":11}},"34":{"start":{"line":91,"column":12},"end":{"line":94,"column":15}},"35":{"start":{"line":96,"column":10},"end":{"line":99,"column":13}},"36":{"start":{"line":97,"column":12},"end":{"line":97,"column":38}},"37":{"start":{"line":97,"column":21},"end":{"line":97,"column":38}},"38":{"start":{"line":98,"column":12},"end":{"line":98,"column":40}},"39":{"start":{"line":102,"column":8},"end":{"line":102,"column":61}},"40":{"start":{"line":106,"column":4},"end":{"line":106,"column":55}},"41":{"start":{"line":113,"column":0},"end":{"line":126,"column":2}},"42":{"start":{"line":115,"column":2},"end":{"line":124,"column":3}},"43":{"start":{"line":117,"column":4},"end":{"line":123,"column":7}},"44":{"start":{"line":121,"column":6},"end":{"line":121,"column":45}},"45":{"start":{"line":122,"column":6},"end":{"line":122,"column":18}},"46":{"start":{"line":125,"column":2},"end":{"line":125,"column":33}},"47":{"start":{"line":128,"column":0},"end":{"line":153,"column":2}},"48":{"start":{"line":129,"column":2},"end":{"line":151,"column":3}},"49":{"start":{"line":131,"column":4},"end":{"line":150,"column":5}},"50":{"start":{"line":132,"column":6},"end":{"line":149,"column":9}},"51":{"start":{"line":137,"column":24},"end":{"line":137,"column":29}},"52":{"start":{"line":138,"column":8},"end":{"line":142,"column":9}},"53":{"start":{"line":139,"column":10},"end":{"line":141,"column":11}},"54":{"start":{"line":140,"column":12},"end":{"line":140,"column":29}},"55":{"start":{"line":143,"column":8},"end":{"line":148,"column":9}},"56":{"start":{"line":144,"column":10},"end":{"line":144,"column":44}},"57":{"start":{"line":145,"column":10},"end":{"line":145,"column":40}},"58":{"start":{"line":146,"column":10},"end":{"line":146,"column":27}},"59":{"start":{"line":147,"column":10},"end":{"line":147,"column":22}},"60":{"start":{"line":152,"column":2},"end":{"line":152,"column":13}},"61":{"start":{"line":158,"column":0},"end":{"line":165,"column":2}},"62":{"start":{"line":159,"column":13},"end":{"line":159,"column":24}},"63":{"start":{"line":161,"column":2},"end":{"line":164,"column":5}},"64":{"start":{"line":170,"column":0},"end":{"line":172,"column":2}},"65":{"start":{"line":171,"column":2},"end":{"line":171,"column":30}},"66":{"start":{"line":177,"column":0},"end":{"line":188,"column":2}},"67":{"start":{"line":178,"column":2},"end":{"line":187,"column":7}},"68":{"start":{"line":183,"column":6},"end":{"line":183,"column":32}},"69":{"start":{"line":183,"column":15},"end":{"line":183,"column":32}},"70":{"start":{"line":184,"column":6},"end":{"line":184,"column":69}},"71":{"start":{"line":184,"column":17},"end":{"line":184,"column":69}},"72":{"start":{"line":185,"column":6},"end":{"line":185,"column":25}},"73":{"start":{"line":186,"column":6},"end":{"line":186,"column":13}}},"fnMap":{"0":{"name":"(anonymous_0)","decl":{"start":{"line":11,"column":23},"end":{"line":11,"column":24}},"loc":{"start":{"line":11,"column":48},"end":{"line":13,"column":1}},"line":11},"1":{"name":"(anonymous_1)","decl":{"start":{"line":18,"column":17},"end":{"line":18,"column":18}},"loc":{"start":{"line":18,"column":36},"end":{"line":24,"column":1}},"line":18},"2":{"name":"(anonymous_2)","decl":{"start":{"line":29,"column":17},"end":{"line":29,"column":18}},"loc":{"start":{"line":29,"column":36},"end":{"line":35,"column":1}},"line":29},"3":{"name":"(anonymous_3)","decl":{"start":{"line":40,"column":18},"end":{"line":40,"column":19}},"loc":{"start":{"line":40,"column":37},"end":{"line":43,"column":1}},"line":40},"4":{"name":"(anonymous_4)","decl":{"start":{"line":48,"column":18},"end":{"line":48,"column":19}},"loc":{"start":{"line":48,"column":37},"end":{"line":50,"column":1}},"line":48},"5":{"name":"(anonymous_5)","decl":{"start":{"line":57,"column":22},"end":{"line":57,"column":23}},"loc":{"start":{"line":57,"column":41},"end":{"line":74,"column":1}},"line":57},"6":{"name":"(anonymous_6)","decl":{"start":{"line":62,"column":10},"end":{"line":62,"column":11}},"loc":{"start":{"line":62,"column":30},"end":{"line":68,"column":5}},"line":62},"7":{"name":"(anonymous_7)","decl":{"start":{"line":79,"column":17},"end":{"line":79,"column":18}},"loc":{"start":{"line":79,"column":36},"end":{"line":108,"column":1}},"line":79},"8":{"name":"(anonymous_8)","decl":{"start":{"line":83,"column":12},"end":{"line":83,"column":13}},"loc":{"start":{"line":83,"column":39},"end":{"line":104,"column":5}},"line":83},"9":{"name":"(anonymous_9)","decl":{"start":{"line":89,"column":18},"end":{"line":89,"column":19}},"loc":{"start":{"line":89,"column":32},"end":{"line":100,"column":9}},"line":89},"10":{"name":"(anonymous_10)","decl":{"start":{"line":96,"column":26},"end":{"line":96,"column":27}},"loc":{"start":{"line":96,"column":40},"end":{"line":99,"column":11}},"line":96},"11":{"name":"(anonymous_11)","decl":{"start":{"line":113,"column":18},"end":{"line":113,"column":19}},"loc":{"start":{"line":113,"column":37},"end":{"line":126,"column":1}},"line":113},"12":{"name":"(anonymous_12)","decl":{"start":{"line":120,"column":10},"end":{"line":120,"column":11}},"loc":{"start":{"line":120,"column":30},"end":{"line":123,"column":5}},"line":120},"13":{"name":"(anonymous_13)","decl":{"start":{"line":128,"column":22},"end":{"line":128,"column":23}},"loc":{"start":{"line":128,"column":41},"end":{"line":153,"column":1}},"line":128},"14":{"name":"(anonymous_14)","decl":{"start":{"line":135,"column":12},"end":{"line":135,"column":13}},"loc":{"start":{"line":135,"column":32},"end":{"line":149,"column":7}},"line":135},"15":{"name":"(anonymous_15)","decl":{"start":{"line":158,"column":15},"end":{"line":158,"column":16}},"loc":{"start":{"line":158,"column":34},"end":{"line":165,"column":1}},"line":158},"16":{"name":"(anonymous_16)","decl":{"start":{"line":170,"column":13},"end":{"line":170,"column":14}},"loc":{"start":{"line":170,"column":32},"end":{"line":172,"column":1}},"line":170},"17":{"name":"(anonymous_17)","decl":{"start":{"line":177,"column":15},"end":{"line":177,"column":16}},"loc":{"start":{"line":177,"column":44},"end":{"line":188,"column":1}},"line":177},"18":{"name":"(anonymous_18)","decl":{"start":{"line":182,"column":10},"end":{"line":182,"column":11}},"loc":{"start":{"line":182,"column":30},"end":{"line":187,"column":5}},"line":182}},"branchMap":{"0":{"loc":{"start":{"line":19,"column":2},"end":{"line":23,"column":3}},"type":"if","locations":[{"start":{"line":19,"column":2},"end":{"line":23,"column":3}},{"start":{"line":19,"column":2},"end":{"line":23,"column":3}}],"line":19},"1":{"loc":{"start":{"line":30,"column":2},"end":{"line":34,"column":3}},"type":"if","locations":[{"start":{"line":30,"column":2},"end":{"line":34,"column":3}},{"start":{"line":30,"column":2},"end":{"line":34,"column":3}}],"line":30},"2":{"loc":{"start":{"line":58,"column":2},"end":{"line":72,"column":3}},"type":"if","locations":[{"start":{"line":58,"column":2},"end":{"line":72,"column":3}},{"start":{"line":58,"column":2},"end":{"line":72,"column":3}}],"line":58},"3":{"loc":{"start":{"line":58,"column":6},"end":{"line":58,"column":30}},"type":"binary-expr","locations":[{"start":{"line":58,"column":6},"end":{"line":58,"column":14}},{"start":{"line":58,"column":18},"end":{"line":58,"column":30}}],"line":58},"4":{"loc":{"start":{"line":63,"column":6},"end":{"line":67,"column":7}},"type":"if","locations":[{"start":{"line":63,"column":6},"end":{"line":67,"column":7}},{"start":{"line":63,"column":6},"end":{"line":67,"column":7}}],"line":63},"5":{"loc":{"start":{"line":80,"column":2},"end":{"line":107,"column":3}},"type":"if","locations":[{"start":{"line":80,"column":2},"end":{"line":107,"column":3}},{"start":{"line":80,"column":2},"end":{"line":107,"column":3}}],"line":80},"6":{"loc":{"start":{"line":80,"column":6},"end":{"line":80,"column":58}},"type":"binary-expr","locations":[{"start":{"line":80,"column":6},"end":{"line":80,"column":19}},{"start":{"line":80,"column":23},"end":{"line":80,"column":40}},{"start":{"line":80,"column":44},"end":{"line":80,"column":58}}],"line":80},"7":{"loc":{"start":{"line":84,"column":6},"end":{"line":103,"column":7}},"type":"if","locations":[{"start":{"line":84,"column":6},"end":{"line":103,"column":7}},{"start":{"line":84,"column":6},"end":{"line":103,"column":7}}],"line":84},"8":{"loc":{"start":{"line":90,"column":10},"end":{"line":95,"column":11}},"type":"if","locations":[{"start":{"line":90,"column":10},"end":{"line":95,"column":11}},{"start":{"line":90,"column":10},"end":{"line":95,"column":11}}],"line":90},"9":{"loc":{"start":{"line":97,"column":12},"end":{"line":97,"column":38}},"type":"if","locations":[{"start":{"line":97,"column":12},"end":{"line":97,"column":38}},{"start":{"line":97,"column":12},"end":{"line":97,"column":38}}],"line":97},"10":{"loc":{"start":{"line":115,"column":2},"end":{"line":124,"column":3}},"type":"if","locations":[{"start":{"line":115,"column":2},"end":{"line":124,"column":3}},{"start":{"line":115,"column":2},"end":{"line":124,"column":3}}],"line":115},"11":{"loc":{"start":{"line":115,"column":6},"end":{"line":116,"column":58}},"type":"binary-expr","locations":[{"start":{"line":115,"column":6},"end":{"line":115,"column":14}},{"start":{"line":115,"column":18},"end":{"line":115,"column":30}},{"start":{"line":115,"column":34},"end":{"line":115,"column":63}},{"start":{"line":116,"column":4},"end":{"line":116,"column":30}},{"start":{"line":116,"column":34},"end":{"line":116,"column":58}}],"line":115},"12":{"loc":{"start":{"line":129,"column":2},"end":{"line":151,"column":3}},"type":"if","locations":[{"start":{"line":129,"column":2},"end":{"line":151,"column":3}},{"start":{"line":129,"column":2},"end":{"line":151,"column":3}}],"line":129},"13":{"loc":{"start":{"line":129,"column":6},"end":{"line":129,"column":42}},"type":"binary-expr","locations":[{"start":{"line":129,"column":6},"end":{"line":129,"column":14}},{"start":{"line":129,"column":18},"end":{"line":129,"column":26}},{"start":{"line":129,"column":30},"end":{"line":129,"column":42}}],"line":129},"14":{"loc":{"start":{"line":131,"column":4},"end":{"line":150,"column":5}},"type":"if","locations":[{"start":{"line":131,"column":4},"end":{"line":150,"column":5}},{"start":{"line":131,"column":4},"end":{"line":150,"column":5}}],"line":131},"15":{"loc":{"start":{"line":131,"column":8},"end":{"line":131,"column":80}},"type":"binary-expr","locations":[{"start":{"line":131,"column":8},"end":{"line":131,"column":23}},{"start":{"line":131,"column":27},"end":{"line":131,"column":57}},{"start":{"line":131,"column":61},"end":{"line":131,"column":80}}],"line":131},"16":{"loc":{"start":{"line":139,"column":10},"end":{"line":141,"column":11}},"type":"if","locations":[{"start":{"line":139,"column":10},"end":{"line":141,"column":11}},{"start":{"line":139,"column":10},"end":{"line":141,"column":11}}],"line":139},"17":{"loc":{"start":{"line":143,"column":8},"end":{"line":148,"column":9}},"type":"if","locations":[{"start":{"line":143,"column":8},"end":{"line":148,"column":9}},{"start":{"line":143,"column":8},"end":{"line":148,"column":9}}],"line":143},"18":{"loc":{"start":{"line":171,"column":12},"end":{"line":171,"column":28}},"type":"binary-expr","locations":[{"start":{"line":171,"column":12},"end":{"line":171,"column":20}},{"start":{"line":171,"column":24},"end":{"line":171,"column":28}}],"line":171},"19":{"loc":{"start":{"line":183,"column":6},"end":{"line":183,"column":32}},"type":"if","locations":[{"start":{"line":183,"column":6},"end":{"line":183,"column":32}},{"start":{"line":183,"column":6},"end":{"line":183,"column":32}}],"line":183},"20":{"loc":{"start":{"line":184,"column":6},"end":{"line":184,"column":69}},"type":"if","locations":[{"start":{"line":184,"column":6},"end":{"line":184,"column":69}},{"start":{"line":184,"column":6},"end":{"line":184,"column":69}}],"line":184}},"s":{"0":1,"1":1,"2":1,"3":1,"4":0,"5":1,"6":0,"7":0,"8":0,"9":1,"10":0,"11":0,"12":0,"13":1,"14":0,"15":0,"16":1,"17":0,"18":1,"19":0,"20":0,"21":0,"22":0,"23":0,"24":0,"25":1,"26":0,"27":0,"28":0,"29":0,"30":0,"31":0,"32":0,"33":0,"34":0,"35":0,"36":0,"37":0,"38":0,"39":0,"40":0,"41":1,"42":0,"43":0,"44":0,"45":0,"46":0,"47":1,"48":0,"49":0,"50":0,"51":0,"52":0,"53":0,"54":0,"55":0,"56":0,"57":0,"58":0,"59":0,"60":0,"61":1,"62":0,"63":0,"64":1,"65":0,"66":1,"67":0,"68":0,"69":0,"70":0,"71":0,"72":0,"73":0},"f":{"0":0,"1":0,"2":0,"3":0,"4":0,"5":0,"6":0,"7":0,"8":0,"9":0,"10":0,"11":0,"12":0,"13":0,"14":0,"15":0,"16":0,"17":0,"18":0},"b":{"0":[0,0],"1":[0,0],"2":[0,0],"3":[0,0],"4":[0,0],"5":[0,0],"6":[0,0,0],"7":[0,0],"8":[0,0],"9":[0,0],"10":[0,0],"11":[0,0,0,0,0],"12":[0,0],"13":[0,0,0],"14":[0,0],"15":[0,0,0],"16":[0,0],"17":[0,0],"18":[0,0],"19":[0,0],"20":[0,0]},"_coverageSchema":"332fd63041d2c1bcb487cc26dd0d5f7d97098a6c","hash":"d4b63d2d166d594458e672b4e3ec8ffa4518e17a","contentHash":"3ca4d1ec50d2f1d84c0cb01f2b053b63_11.3.0"},"/Users/andeladeveloper/Desktop/team-kenya/kenya-cfh/app/controllers/avatars.js":{"path":"/Users/andeladeveloper/Desktop/team-kenya/kenya-cfh/app/controllers/avatars.js","statementMap":{"0":{"start":{"line":4,"column":0},"end":{"line":19,"column":34}},"1":{"start":{"line":21,"column":0},"end":{"line":25,"column":2}},"2":{"start":{"line":24,"column":2},"end":{"line":24,"column":33}},"3":{"start":{"line":27,"column":0},"end":{"line":29,"column":2}},"4":{"start":{"line":28,"column":2},"end":{"line":28,"column":17}}},"fnMap":{"0":{"name":"(anonymous_0)","decl":{"start":{"line":21,"column":18},"end":{"line":21,"column":19}},"loc":{"start":{"line":21,"column":37},"end":{"line":25,"column":1}},"line":21},"1":{"name":"(anonymous_1)","decl":{"start":{"line":27,"column":14},"end":{"line":27,"column":15}},"loc":{"start":{"line":27,"column":25},"end":{"line":29,"column":1}},"line":27}},"branchMap":{},"s":{"0":1,"1":1,"2":0,"3":1,"4":2},"f":{"0":0,"1":2},"b":{},"_coverageSchema":"332fd63041d2c1bcb487cc26dd0d5f7d97098a6c","hash":"d8c95f601fac12846b5ee047e4ffa383aa1f2e65","contentHash":"1625e90bc4e58a556043bb14a0351edf_11.3.0"},"/Users/andeladeveloper/Desktop/team-kenya/kenya-cfh/app/controllers/answers.js":{"path":"/Users/andeladeveloper/Desktop/team-kenya/kenya-cfh/app/controllers/answers.js","statementMap":{"0":{"start":{"line":4,"column":15},"end":{"line":4,"column":34}},"1":{"start":{"line":5,"column":12},"end":{"line":5,"column":28}},"2":{"start":{"line":6,"column":13},"end":{"line":6,"column":37}},"3":{"start":{"line":7,"column":8},"end":{"line":7,"column":29}},"4":{"start":{"line":13,"column":0},"end":{"line":20,"column":2}},"5":{"start":{"line":14,"column":4},"end":{"line":19,"column":7}},"6":{"start":{"line":15,"column":8},"end":{"line":15,"column":34}},"7":{"start":{"line":15,"column":17},"end":{"line":15,"column":34}},"8":{"start":{"line":16,"column":8},"end":{"line":16,"column":75}},"9":{"start":{"line":16,"column":21},"end":{"line":16,"column":75}},"10":{"start":{"line":17,"column":8},"end":{"line":17,"column":28}},"11":{"start":{"line":18,"column":8},"end":{"line":18,"column":15}},"12":{"start":{"line":25,"column":0},"end":{"line":27,"column":2}},"13":{"start":{"line":26,"column":4},"end":{"line":26,"column":26}},"14":{"start":{"line":32,"column":0},"end":{"line":42,"column":2}},"15":{"start":{"line":33,"column":4},"end":{"line":41,"column":7}},"16":{"start":{"line":34,"column":8},"end":{"line":40,"column":9}},"17":{"start":{"line":35,"column":12},"end":{"line":37,"column":15}},"18":{"start":{"line":39,"column":12},"end":{"line":39,"column":31}},"19":{"start":{"line":47,"column":0},"end":{"line":55,"column":2}},"20":{"start":{"line":48,"column":4},"end":{"line":54,"column":7}},"21":{"start":{"line":49,"column":8},"end":{"line":53,"column":9}},"22":{"start":{"line":50,"column":12},"end":{"line":50,"column":29}},"23":{"start":{"line":52,"column":12},"end":{"line":52,"column":24}}},"fnMap":{"0":{"name":"(anonymous_0)","decl":{"start":{"line":13,"column":17},"end":{"line":13,"column":18}},"loc":{"start":{"line":13,"column":46},"end":{"line":20,"column":1}},"line":13},"1":{"name":"(anonymous_1)","decl":{"start":{"line":14,"column":20},"end":{"line":14,"column":21}},"loc":{"start":{"line":14,"column":42},"end":{"line":19,"column":5}},"line":14},"2":{"name":"(anonymous_2)","decl":{"start":{"line":25,"column":15},"end":{"line":25,"column":16}},"loc":{"start":{"line":25,"column":34},"end":{"line":27,"column":1}},"line":25},"3":{"name":"(anonymous_3)","decl":{"start":{"line":32,"column":14},"end":{"line":32,"column":15}},"loc":{"start":{"line":32,"column":33},"end":{"line":42,"column":1}},"line":32},"4":{"name":"(anonymous_4)","decl":{"start":{"line":33,"column":53},"end":{"line":33,"column":54}},"loc":{"start":{"line":33,"column":76},"end":{"line":41,"column":5}},"line":33},"5":{"name":"(anonymous_5)","decl":{"start":{"line":47,"column":28},"end":{"line":47,"column":29}},"loc":{"start":{"line":47,"column":41},"end":{"line":55,"column":1}},"line":47},"6":{"name":"(anonymous_6)","decl":{"start":{"line":48,"column":53},"end":{"line":48,"column":54}},"loc":{"start":{"line":48,"column":76},"end":{"line":54,"column":5}},"line":48}},"branchMap":{"0":{"loc":{"start":{"line":15,"column":8},"end":{"line":15,"column":34}},"type":"if","locations":[{"start":{"line":15,"column":8},"end":{"line":15,"column":34}},{"start":{"line":15,"column":8},"end":{"line":15,"column":34}}],"line":15},"1":{"loc":{"start":{"line":16,"column":8},"end":{"line":16,"column":75}},"type":"if","locations":[{"start":{"line":16,"column":8},"end":{"line":16,"column":75}},{"start":{"line":16,"column":8},"end":{"line":16,"column":75}}],"line":16},"2":{"loc":{"start":{"line":34,"column":8},"end":{"line":40,"column":9}},"type":"if","locations":[{"start":{"line":34,"column":8},"end":{"line":40,"column":9}},{"start":{"line":34,"column":8},"end":{"line":40,"column":9}}],"line":34},"3":{"loc":{"start":{"line":49,"column":8},"end":{"line":53,"column":9}},"type":"if","locations":[{"start":{"line":49,"column":8},"end":{"line":53,"column":9}},{"start":{"line":49,"column":8},"end":{"line":53,"column":9}}],"line":49}},"s":{"0":1,"1":1,"2":1,"3":1,"4":1,"5":0,"6":0,"7":0,"8":0,"9":0,"10":0,"11":0,"12":1,"13":0,"14":1,"15":0,"16":0,"17":0,"18":0,"19":1,"20":3,"21":0,"22":0,"23":0},"f":{"0":0,"1":0,"2":0,"3":0,"4":0,"5":3,"6":0},"b":{"0":[0,0],"1":[0,0],"2":[0,0],"3":[0,0]},"_coverageSchema":"332fd63041d2c1bcb487cc26dd0d5f7d97098a6c","hash":"526e5e0314e06ac083554c463da15a375ea7d23f","contentHash":"c3d1973fef1a228fc8a408ef1ee77ec3_11.3.0"},"/Users/andeladeveloper/Desktop/team-kenya/kenya-cfh/app/controllers/questions.js":{"path":"/Users/andeladeveloper/Desktop/team-kenya/kenya-cfh/app/controllers/questions.js","statementMap":{"0":{"start":{"line":4,"column":15},"end":{"line":4,"column":34}},"1":{"start":{"line":5,"column":12},"end":{"line":5,"column":28}},"2":{"start":{"line":6,"column":15},"end":{"line":6,"column":41}},"3":{"start":{"line":7,"column":8},"end":{"line":7,"column":29}},"4":{"start":{"line":13,"column":0},"end":{"line":20,"column":2}},"5":{"start":{"line":14,"column":4},"end":{"line":19,"column":7}},"6":{"start":{"line":15,"column":8},"end":{"line":15,"column":34}},"7":{"start":{"line":15,"column":17},"end":{"line":15,"column":34}},"8":{"start":{"line":16,"column":8},"end":{"line":16,"column":79}},"9":{"start":{"line":16,"column":23},"end":{"line":16,"column":79}},"10":{"start":{"line":17,"column":8},"end":{"line":17,"column":32}},"11":{"start":{"line":18,"column":8},"end":{"line":18,"column":15}},"12":{"start":{"line":25,"column":0},"end":{"line":27,"column":2}},"13":{"start":{"line":26,"column":4},"end":{"line":26,"column":28}},"14":{"start":{"line":32,"column":0},"end":{"line":42,"column":2}},"15":{"start":{"line":33,"column":4},"end":{"line":41,"column":7}},"16":{"start":{"line":34,"column":8},"end":{"line":40,"column":9}},"17":{"start":{"line":35,"column":12},"end":{"line":37,"column":15}},"18":{"start":{"line":39,"column":12},"end":{"line":39,"column":33}},"19":{"start":{"line":47,"column":0},"end":{"line":55,"column":2}},"20":{"start":{"line":48,"column":4},"end":{"line":54,"column":7}},"21":{"start":{"line":49,"column":8},"end":{"line":53,"column":9}},"22":{"start":{"line":50,"column":12},"end":{"line":50,"column":29}},"23":{"start":{"line":52,"column":12},"end":{"line":52,"column":26}}},"fnMap":{"0":{"name":"(anonymous_0)","decl":{"start":{"line":13,"column":19},"end":{"line":13,"column":20}},"loc":{"start":{"line":13,"column":48},"end":{"line":20,"column":1}},"line":13},"1":{"name":"(anonymous_1)","decl":{"start":{"line":14,"column":22},"end":{"line":14,"column":23}},"loc":{"start":{"line":14,"column":46},"end":{"line":19,"column":5}},"line":14},"2":{"name":"(anonymous_2)","decl":{"start":{"line":25,"column":15},"end":{"line":25,"column":16}},"loc":{"start":{"line":25,"column":34},"end":{"line":27,"column":1}},"line":25},"3":{"name":"(anonymous_3)","decl":{"start":{"line":32,"column":14},"end":{"line":32,"column":15}},"loc":{"start":{"line":32,"column":33},"end":{"line":42,"column":1}},"line":32},"4":{"name":"(anonymous_4)","decl":{"start":{"line":33,"column":78},"end":{"line":33,"column":79}},"loc":{"start":{"line":33,"column":103},"end":{"line":41,"column":5}},"line":33},"5":{"name":"(anonymous_5)","decl":{"start":{"line":47,"column":30},"end":{"line":47,"column":31}},"loc":{"start":{"line":47,"column":43},"end":{"line":55,"column":1}},"line":47},"6":{"name":"(anonymous_6)","decl":{"start":{"line":48,"column":78},"end":{"line":48,"column":79}},"loc":{"start":{"line":48,"column":103},"end":{"line":54,"column":5}},"line":48}},"branchMap":{"0":{"loc":{"start":{"line":15,"column":8},"end":{"line":15,"column":34}},"type":"if","locations":[{"start":{"line":15,"column":8},"end":{"line":15,"column":34}},{"start":{"line":15,"column":8},"end":{"line":15,"column":34}}],"line":15},"1":{"loc":{"start":{"line":16,"column":8},"end":{"line":16,"column":79}},"type":"if","locations":[{"start":{"line":16,"column":8},"end":{"line":16,"column":79}},{"start":{"line":16,"column":8},"end":{"line":16,"column":79}}],"line":16},"2":{"loc":{"start":{"line":34,"column":8},"end":{"line":40,"column":9}},"type":"if","locations":[{"start":{"line":34,"column":8},"end":{"line":40,"column":9}},{"start":{"line":34,"column":8},"end":{"line":40,"column":9}}],"line":34},"3":{"loc":{"start":{"line":49,"column":8},"end":{"line":53,"column":9}},"type":"if","locations":[{"start":{"line":49,"column":8},"end":{"line":53,"column":9}},{"start":{"line":49,"column":8},"end":{"line":53,"column":9}}],"line":49}},"s":{"0":1,"1":1,"2":1,"3":1,"4":1,"5":0,"6":0,"7":0,"8":0,"9":0,"10":0,"11":0,"12":1,"13":0,"14":1,"15":0,"16":0,"17":0,"18":0,"19":1,"20":3,"21":0,"22":0,"23":0},"f":{"0":0,"1":0,"2":0,"3":0,"4":0,"5":3,"6":0},"b":{"0":[0,0],"1":[0,0],"2":[0,0],"3":[0,0]},"_coverageSchema":"332fd63041d2c1bcb487cc26dd0d5f7d97098a6c","hash":"102a440e9b552ff518c1bbe2500f59112e652869","contentHash":"5986df4adc09fcecfd6547873d2d4c8d_11.3.0"},"/Users/andeladeveloper/Desktop/team-kenya/kenya-cfh/app/controllers/index.js":{"path":"/Users/andeladeveloper/Desktop/team-kenya/kenya-cfh/app/controllers/index.js","statementMap":{"0":{"start":{"line":4,"column":15},"end":{"line":4,"column":34}},"1":{"start":{"line":5,"column":12},"end":{"line":5,"column":28}},"2":{"start":{"line":6,"column":8},"end":{"line":6,"column":29}},"3":{"start":{"line":11,"column":0},"end":{"line":17,"column":2}},"4":{"start":{"line":12,"column":2},"end":{"line":16,"column":3}},"5":{"start":{"line":13,"column":4},"end":{"line":13,"column":35}},"6":{"start":{"line":15,"column":4},"end":{"line":15,"column":28}},"7":{"start":{"line":19,"column":0},"end":{"line":23,"column":2}},"8":{"start":{"line":20,"column":4},"end":{"line":22,"column":7}}},"fnMap":{"0":{"name":"(anonymous_0)","decl":{"start":{"line":11,"column":15},"end":{"line":11,"column":16}},"loc":{"start":{"line":11,"column":34},"end":{"line":17,"column":1}},"line":11},"1":{"name":"(anonymous_1)","decl":{"start":{"line":19,"column":17},"end":{"line":19,"column":18}},"loc":{"start":{"line":19,"column":36},"end":{"line":23,"column":1}},"line":19}},"branchMap":{"0":{"loc":{"start":{"line":12,"column":2},"end":{"line":16,"column":3}},"type":"if","locations":[{"start":{"line":12,"column":2},"end":{"line":16,"column":3}},{"start":{"line":12,"column":2},"end":{"line":16,"column":3}}],"line":12},"1":{"loc":{"start":{"line":21,"column":14},"end":{"line":21,"column":58}},"type":"cond-expr","locations":[{"start":{"line":21,"column":25},"end":{"line":21,"column":49}},{"start":{"line":21,"column":52},"end":{"line":21,"column":58}}],"line":21}},"s":{"0":1,"1":1,"2":1,"3":1,"4":0,"5":0,"6":0,"7":1,"8":0},"f":{"0":0,"1":0},"b":{"0":[0,0],"1":[0,0]},"_coverageSchema":"332fd63041d2c1bcb487cc26dd0d5f7d97098a6c","hash":"a79604f65163a1ce69f0d17f76ae621c9363f4ee","contentHash":"77d8d688296cde1793f8c47e180de9fe_11.3.0"},"/Users/andeladeveloper/Desktop/team-kenya/kenya-cfh/config/socket/socket.js":{"path":"/Users/andeladeveloper/Desktop/team-kenya/kenya-cfh/config/socket/socket.js","statementMap":{"0":{"start":{"line":1,"column":11},"end":{"line":1,"column":28}},"1":{"start":{"line":2,"column":13},"end":{"line":2,"column":32}},"2":{"start":{"line":3,"column":0},"end":{"line":3,"column":51}},"3":{"start":{"line":4,"column":15},"end":{"line":4,"column":34}},"4":{"start":{"line":5,"column":11},"end":{"line":5,"column":33}},"5":{"start":{"line":7,"column":14},"end":{"line":7,"column":76}},"6":{"start":{"line":9,"column":12},"end":{"line":9,"column":75}},"7":{"start":{"line":11,"column":0},"end":{"line":232,"column":2}},"8":{"start":{"line":14,"column":17},"end":{"line":14,"column":19}},"9":{"start":{"line":15,"column":19},"end":{"line":15,"column":21}},"10":{"start":{"line":16,"column":28},"end":{"line":16,"column":30}},"11":{"start":{"line":17,"column":15},"end":{"line":17,"column":16}},"12":{"start":{"line":19,"column":2},"end":{"line":76,"column":5}},"13":{"start":{"line":20,"column":4},"end":{"line":20,"column":43}},"14":{"start":{"line":21,"column":4},"end":{"line":21,"column":39}},"15":{"start":{"line":23,"column":4},"end":{"line":30,"column":7}},"16":{"start":{"line":24,"column":6},"end":{"line":24,"column":43}},"17":{"start":{"line":25,"column":6},"end":{"line":29,"column":7}},"18":{"start":{"line":26,"column":8},"end":{"line":26,"column":64}},"19":{"start":{"line":28,"column":8},"end":{"line":28,"column":94}},"20":{"start":{"line":32,"column":4},"end":{"line":38,"column":7}},"21":{"start":{"line":33,"column":6},"end":{"line":37,"column":7}},"22":{"start":{"line":34,"column":8},"end":{"line":34,"column":65}},"23":{"start":{"line":36,"column":8},"end":{"line":36,"column":97}},"24":{"start":{"line":40,"column":4},"end":{"line":44,"column":7}},"25":{"start":{"line":41,"column":6},"end":{"line":43,"column":7}},"26":{"start":{"line":42,"column":8},"end":{"line":42,"column":30}},"27":{"start":{"line":46,"column":4},"end":{"line":49,"column":7}},"28":{"start":{"line":47,"column":6},"end":{"line":47,"column":23}},"29":{"start":{"line":48,"column":6},"end":{"line":48,"column":28}},"30":{"start":{"line":51,"column":4},"end":{"line":66,"column":7}},"31":{"start":{"line":52,"column":6},"end":{"line":65,"column":7}},"32":{"start":{"line":53,"column":23},"end":{"line":53,"column":46}},"33":{"start":{"line":54,"column":8},"end":{"line":54,"column":80}},"34":{"start":{"line":55,"column":8},"end":{"line":64,"column":9}},"35":{"start":{"line":57,"column":10},"end":{"line":61,"column":13}},"36":{"start":{"line":58,"column":12},"end":{"line":60,"column":13}},"37":{"start":{"line":59,"column":14},"end":{"line":59,"column":57}},"38":{"start":{"line":62,"column":10},"end":{"line":62,"column":33}},"39":{"start":{"line":63,"column":10},"end":{"line":63,"column":59}},"40":{"start":{"line":68,"column":4},"end":{"line":70,"column":7}},"41":{"start":{"line":69,"column":6},"end":{"line":69,"column":23}},"42":{"start":{"line":72,"column":4},"end":{"line":75,"column":7}},"43":{"start":{"line":73,"column":6},"end":{"line":73,"column":68}},"44":{"start":{"line":74,"column":6},"end":{"line":74,"column":23}},"45":{"start":{"line":78,"column":17},"end":{"line":107,"column":3}},"46":{"start":{"line":79,"column":17},"end":{"line":79,"column":35}},"47":{"start":{"line":80,"column":4},"end":{"line":80,"column":22}},"48":{"start":{"line":81,"column":4},"end":{"line":81,"column":53}},"49":{"start":{"line":82,"column":4},"end":{"line":106,"column":5}},"50":{"start":{"line":83,"column":6},"end":{"line":100,"column":9}},"51":{"start":{"line":86,"column":8},"end":{"line":89,"column":9}},"52":{"start":{"line":87,"column":10},"end":{"line":87,"column":33}},"53":{"start":{"line":88,"column":10},"end":{"line":88,"column":21}},"54":{"start":{"line":90,"column":8},"end":{"line":98,"column":9}},"55":{"start":{"line":92,"column":10},"end":{"line":92,"column":36}},"56":{"start":{"line":93,"column":10},"end":{"line":93,"column":66}},"57":{"start":{"line":95,"column":10},"end":{"line":95,"column":38}},"58":{"start":{"line":96,"column":10},"end":{"line":96,"column":45}},"59":{"start":{"line":97,"column":10},"end":{"line":97,"column":81}},"60":{"start":{"line":99,"column":8},"end":{"line":99,"column":60}},"61":{"start":{"line":103,"column":6},"end":{"line":103,"column":32}},"62":{"start":{"line":104,"column":6},"end":{"line":104,"column":62}},"63":{"start":{"line":105,"column":6},"end":{"line":105,"column":58}},"64":{"start":{"line":109,"column":16},"end":{"line":150,"column":3}},"65":{"start":{"line":110,"column":4},"end":{"line":110,"column":44}},"66":{"start":{"line":111,"column":4},"end":{"line":111,"column":43}},"67":{"start":{"line":112,"column":4},"end":{"line":112,"column":64}},"68":{"start":{"line":113,"column":4},"end":{"line":148,"column":5}},"69":{"start":{"line":114,"column":6},"end":{"line":114,"column":53}},"70":{"start":{"line":115,"column":17},"end":{"line":115,"column":42}},"71":{"start":{"line":121,"column":6},"end":{"line":139,"column":7}},"72":{"start":{"line":124,"column":8},"end":{"line":124,"column":63}},"73":{"start":{"line":125,"column":8},"end":{"line":125,"column":37}},"74":{"start":{"line":126,"column":8},"end":{"line":126,"column":34}},"75":{"start":{"line":127,"column":8},"end":{"line":127,"column":33}},"76":{"start":{"line":128,"column":8},"end":{"line":128,"column":36}},"77":{"start":{"line":129,"column":8},"end":{"line":129,"column":34}},"78":{"start":{"line":130,"column":8},"end":{"line":130,"column":32}},"79":{"start":{"line":131,"column":8},"end":{"line":131,"column":26}},"80":{"start":{"line":132,"column":8},"end":{"line":132,"column":71}},"81":{"start":{"line":133,"column":8},"end":{"line":136,"column":9}},"82":{"start":{"line":134,"column":10},"end":{"line":134,"column":38}},"83":{"start":{"line":135,"column":10},"end":{"line":135,"column":29}},"84":{"start":{"line":142,"column":6},"end":{"line":142,"column":69}},"85":{"start":{"line":143,"column":6},"end":{"line":147,"column":7}},"86":{"start":{"line":144,"column":8},"end":{"line":144,"column":45}},"87":{"start":{"line":146,"column":8},"end":{"line":146,"column":32}},"88":{"start":{"line":152,"column":17},"end":{"line":184,"column":3}},"89":{"start":{"line":154,"column":4},"end":{"line":183,"column":5}},"90":{"start":{"line":155,"column":6},"end":{"line":155,"column":18}},"91":{"start":{"line":156,"column":22},"end":{"line":156,"column":39}},"92":{"start":{"line":157,"column":6},"end":{"line":157,"column":37}},"93":{"start":{"line":158,"column":6},"end":{"line":158,"column":35}},"94":{"start":{"line":159,"column":6},"end":{"line":159,"column":32}},"95":{"start":{"line":160,"column":6},"end":{"line":160,"column":30}},"96":{"start":{"line":161,"column":6},"end":{"line":161,"column":37}},"97":{"start":{"line":162,"column":6},"end":{"line":162,"column":31}},"98":{"start":{"line":163,"column":6},"end":{"line":163,"column":34}},"99":{"start":{"line":164,"column":6},"end":{"line":164,"column":73}},"100":{"start":{"line":165,"column":6},"end":{"line":165,"column":32}},"101":{"start":{"line":166,"column":6},"end":{"line":166,"column":30}},"102":{"start":{"line":167,"column":6},"end":{"line":167,"column":24}},"103":{"start":{"line":169,"column":6},"end":{"line":169,"column":36}},"104":{"start":{"line":170,"column":6},"end":{"line":170,"column":35}},"105":{"start":{"line":171,"column":6},"end":{"line":171,"column":32}},"106":{"start":{"line":172,"column":6},"end":{"line":172,"column":59}},"107":{"start":{"line":173,"column":6},"end":{"line":173,"column":31}},"108":{"start":{"line":174,"column":6},"end":{"line":174,"column":34}},"109":{"start":{"line":175,"column":6},"end":{"line":175,"column":32}},"110":{"start":{"line":176,"column":6},"end":{"line":176,"column":30}},"111":{"start":{"line":177,"column":6},"end":{"line":177,"column":24}},"112":{"start":{"line":178,"column":6},"end":{"line":178,"column":69}},"113":{"start":{"line":179,"column":6},"end":{"line":182,"column":7}},"114":{"start":{"line":180,"column":8},"end":{"line":180,"column":36}},"115":{"start":{"line":181,"column":8},"end":{"line":181,"column":27}},"116":{"start":{"line":186,"column":30},"end":{"line":209,"column":3}},"117":{"start":{"line":187,"column":23},"end":{"line":187,"column":28}},"118":{"start":{"line":188,"column":21},"end":{"line":188,"column":23}},"119":{"start":{"line":190,"column":4},"end":{"line":198,"column":5}},"120":{"start":{"line":191,"column":6},"end":{"line":191,"column":22}},"121":{"start":{"line":192,"column":6},"end":{"line":194,"column":7}},"122":{"start":{"line":193,"column":8},"end":{"line":193,"column":68}},"123":{"start":{"line":195,"column":6},"end":{"line":197,"column":7}},"124":{"start":{"line":196,"column":8},"end":{"line":196,"column":28}},"125":{"start":{"line":199,"column":4},"end":{"line":199,"column":64}},"126":{"start":{"line":200,"column":15},"end":{"line":200,"column":38}},"127":{"start":{"line":201,"column":4},"end":{"line":201,"column":33}},"128":{"start":{"line":202,"column":4},"end":{"line":202,"column":30}},"129":{"start":{"line":203,"column":4},"end":{"line":203,"column":32}},"130":{"start":{"line":204,"column":4},"end":{"line":204,"column":29}},"131":{"start":{"line":205,"column":4},"end":{"line":205,"column":32}},"132":{"start":{"line":206,"column":4},"end":{"line":206,"column":30}},"133":{"start":{"line":207,"column":4},"end":{"line":207,"column":28}},"134":{"start":{"line":208,"column":4},"end":{"line":208,"column":22}},"135":{"start":{"line":211,"column":17},"end":{"line":230,"column":3}},"136":{"start":{"line":212,"column":4},"end":{"line":212,"column":46}},"137":{"start":{"line":213,"column":4},"end":{"line":228,"column":5}},
[...]
end":{"line":413,"column":5}},"207":{"start":{"line":403,"column":6},"end":{"line":403,"column":35}},"208":{"start":{"line":404,"column":24},"end":{"line":404,"column":83}},"209":{"start":{"line":405,"column":6},"end":{"line":405,"column":86}},"210":{"start":{"line":406,"column":6},"end":{"line":406,"column":43}},"211":{"start":{"line":407,"column":6},"end":{"line":407,"column":41}},"212":{"start":{"line":408,"column":6},"end":{"line":408,"column":40}},"213":{"start":{"line":409,"column":6},"end":{"line":409,"column":41}},"214":{"start":{"line":410,"column":6},"end":{"line":410,"column":30}},"215":{"start":{"line":412,"column":6},"end":{"line":412,"column":89}},"216":{"start":{"line":416,"column":4},"end":{"line":416,"column":22}},"217":{"start":{"line":420,"column":0},"end":{"line":425,"column":2}},"218":{"start":{"line":421,"column":2},"end":{"line":421,"column":42}},"219":{"start":{"line":422,"column":2},"end":{"line":422,"column":36}},"220":{"start":{"line":423,"column":2},"end":{"line":423,"column":37}},"221":{"start":{"line":424,"column":2},"end":{"line":424,"column":36}},"222":{"start":{"line":427,"column":0},"end":{"line":427,"column":22}}},"fnMap":{"0":{"name":"Game","decl":{"start":{"line":20,"column":9},"end":{"line":20,"column":13}},"loc":{"start":{"line":20,"column":26},"end":{"line":52,"column":1}},"line":20},"1":{"name":"(anonymous_1)","decl":{"start":{"line":54,"column":25},"end":{"line":54,"column":26}},"loc":{"start":{"line":54,"column":36},"end":{"line":81,"column":1}},"line":54},"2":{"name":"(anonymous_2)","decl":{"start":{"line":56,"column":23},"end":{"line":56,"column":24}},"loc":{"start":{"line":56,"column":46},"end":{"line":66,"column":3}},"line":56},"3":{"name":"(anonymous_3)","decl":{"start":{"line":83,"column":34},"end":{"line":83,"column":35}},"loc":{"start":{"line":83,"column":48},"end":{"line":85,"column":1}},"line":83},"4":{"name":"(anonymous_4)","decl":{"start":{"line":89,"column":36},"end":{"line":89,"column":37}},"loc":{"start":{"line":89,"column":47},"end":{"line":93,"column":1}},"line":89},"5":{"name":"(anonymous_5)","decl":{"start":{"line":90,"column":23},"end":{"line":90,"column":24}},"loc":{"start":{"line":90,"column":46},"end":{"line":92,"column":3}},"line":90},"6":{"name":"(anonymous_6)","decl":{"start":{"line":95,"column":34},"end":{"line":95,"column":35}},"loc":{"start":{"line":95,"column":45},"end":{"line":106,"column":1}},"line":95},"7":{"name":"(anonymous_7)","decl":{"start":{"line":97,"column":23},"end":{"line":97,"column":24}},"loc":{"start":{"line":97,"column":40},"end":{"line":105,"column":3}},"line":97},"8":{"name":"(anonymous_8)","decl":{"start":{"line":108,"column":29},"end":{"line":108,"column":30}},"loc":{"start":{"line":108,"column":40},"end":{"line":133,"column":1}},"line":108},"9":{"name":"(anonymous_9)","decl":{"start":{"line":124,"column":4},"end":{"line":124,"column":5}},"loc":{"start":{"line":124,"column":26},"end":{"line":132,"column":5}},"line":124},"10":{"name":"(anonymous_10)","decl":{"start":{"line":135,"column":27},"end":{"line":135,"column":28}},"loc":{"start":{"line":135,"column":38},"end":{"line":140,"column":1}},"line":135},"11":{"name":"(anonymous_11)","decl":{"start":{"line":142,"column":28},"end":{"line":142,"column":29}},"loc":{"start":{"line":142,"column":39},"end":{"line":144,"column":1}},"line":142},"12":{"name":"(anonymous_12)","decl":{"start":{"line":146,"column":31},"end":{"line":146,"column":32}},"loc":{"start":{"line":146,"column":46},"end":{"line":172,"column":1}},"line":146},"13":{"name":"(anonymous_13)","decl":{"start":{"line":155,"column":22},"end":{"line":155,"column":23}},"loc":{"start":{"line":155,"column":42},"end":{"line":157,"column":5}},"line":155},"14":{"name":"(anonymous_14)","decl":{"start":{"line":169,"column":36},"end":{"line":169,"column":37}},"loc":{"start":{"line":169,"column":47},"end":{"line":171,"column":3}},"line":169},"15":{"name":"(anonymous_15)","decl":{"start":{"line":174,"column":29},"end":{"line":174,"column":30}},"loc":{"start":{"line":174,"column":40},"end":{"line":186,"column":1}},"line":174},"16":{"name":"(anonymous_16)","decl":{"start":{"line":188,"column":30},"end":{"line":188,"column":31}},"loc":{"start":{"line":188,"column":45},"end":{"line":202,"column":1}},"line":188},"17":{"name":"(anonymous_17)","decl":{"start":{"line":197,"column":37},"end":{"line":197,"column":38}},"loc":{"start":{"line":197,"column":48},"end":{"line":200,"column":5}},"line":197},"18":{"name":"(anonymous_18)","decl":{"start":{"line":204,"column":30},"end":{"line":204,"column":31}},"loc":{"start":{"line":204,"column":45},"end":{"line":222,"column":1}},"line":204},"19":{"name":"(anonymous_19)","decl":{"start":{"line":215,"column":35},"end":{"line":215,"column":36}},"loc":{"start":{"line":215,"column":46},"end":{"line":221,"column":3}},"line":215},"20":{"name":"(anonymous_20)","decl":{"start":{"line":224,"column":30},"end":{"line":224,"column":31}},"loc":{"start":{"line":224,"column":47},"end":{"line":228,"column":1}},"line":224},"21":{"name":"(anonymous_21)","decl":{"start":{"line":230,"column":35},"end":{"line":230,"column":36}},"loc":{"start":{"line":230,"column":46},"end":{"line":233,"column":1}},"line":230},"22":{"name":"(anonymous_22)","decl":{"start":{"line":235,"column":30},"end":{"line":235,"column":31}},"loc":{"start":{"line":235,"column":43},"end":{"line":239,"column":1}},"line":235},"23":{"name":"(anonymous_23)","decl":{"start":{"line":236,"column":32},"end":{"line":236,"column":33}},"loc":{"start":{"line":236,"column":46},"end":{"line":238,"column":3}},"line":236},"24":{"name":"(anonymous_24)","decl":{"start":{"line":241,"column":28},"end":{"line":241,"column":29}},"loc":{"start":{"line":241,"column":41},"end":{"line":245,"column":1}},"line":241},"25":{"name":"(anonymous_25)","decl":{"start":{"line":242,"column":28},"end":{"line":242,"column":29}},"loc":{"start":{"line":242,"column":42},"end":{"line":244,"column":3}},"line":242},"26":{"name":"(anonymous_26)","decl":{"start":{"line":247,"column":30},"end":{"line":247,"column":31}},"loc":{"start":{"line":247,"column":46},"end":{"line":260,"column":1}},"line":247},"27":{"name":"(anonymous_27)","decl":{"start":{"line":262,"column":29},"end":{"line":262,"column":30}},"loc":{"start":{"line":262,"column":50},"end":{"line":275,"column":1}},"line":262},"28":{"name":"(anonymous_28)","decl":{"start":{"line":264,"column":21},"end":{"line":264,"column":22}},"loc":{"start":{"line":264,"column":41},"end":{"line":266,"column":3}},"line":264},"29":{"name":"(anonymous_29)","decl":{"start":{"line":277,"column":42},"end":{"line":277,"column":43}},"loc":{"start":{"line":277,"column":63},"end":{"line":285,"column":1}},"line":277},"30":{"name":"(anonymous_30)","decl":{"start":{"line":279,"column":23},"end":{"line":279,"column":24}},"loc":{"start":{"line":279,"column":47},"end":{"line":283,"column":3}},"line":279},"31":{"name":"(anonymous_31)","decl":{"start":{"line":287,"column":27},"end":{"line":287,"column":28}},"loc":{"start":{"line":287,"column":63},"end":{"line":335,"column":1}},"line":287},"32":{"name":"(anonymous_32)","decl":{"start":{"line":296,"column":25},"end":{"line":296,"column":26}},"loc":{"start":{"line":296,"column":52},"end":{"line":300,"column":7}},"line":296},"33":{"name":"(anonymous_33)","decl":{"start":{"line":337,"column":27},"end":{"line":337,"column":28}},"loc":{"start":{"line":337,"column":48},"end":{"line":344,"column":1}},"line":337},"34":{"name":"(anonymous_34)","decl":{"start":{"line":346,"column":30},"end":{"line":346,"column":31}},"loc":{"start":{"line":346,"column":51},"end":{"line":390,"column":1}},"line":346},"35":{"name":"(anonymous_35)","decl":{"start":{"line":392,"column":29},"end":{"line":392,"column":30}},"loc":{"start":{"line":392,"column":72},"end":{"line":418,"column":1}},"line":392},"36":{"name":"(anonymous_36)","decl":{"start":{"line":397,"column":23},"end":{"line":397,"column":24}},"loc":{"start":{"line":397,"column":51},"end":{"line":401,"column":5}},"line":397},"37":{"name":"(anonymous_37)","decl":{"start":{"line":420,"column":26},"end":{"line":420,"column":27}},"loc":{"start":{"line":420,"column":37},"end":{"line":425,"column":1}},"line":420}},"branchMap":{"0":{"loc":{"start":{"line":98,"column":4},"end":{"line":104,"column":5}},"type":"if","locations":[{"start":{"line":98,"column":4},"end":{"line":104,"column":5}},{"start":{"line":98,"column":4},"end":{"line":104,"column":5}}],"line":98},"1":{"loc":{"start":{"line":101,"column":6},"end":{"line":103,"column":7}},"type":"if","locations":[{"start":{"line":101,"column":6},"end":{"line":103,"column":7}},{"start":{"line":101,"column":6},"end":{"line":103,"column":7}}],"line":101},"2":{"loc":{"start":{"line":125,"column":6},"end":{"line":127,"column":7}},"type":"if","locations":[{"start":{"line":125,"column":6},"end":{"line":127,"column":7}},{"start":{"line":125,"column":6},"end":{"line":127,"column":7}}],"line":125},"3":{"loc":{"start":{"line":154,"column":2},"end":{"line":158,"column":3}},"type":"if","locations":[{"start":{"line":154,"column":2},"end":{"line":158,"column":3}},{"start":{"line":154,"column":2},"end":{"line":158,"column":3}}],"line":154},"4":{"loc":{"start":{"line":162,"column":2},"end":{"line":166,"column":3}},"type":"if","locations":[{"start":{"line":162,"column":2},"end":{"line":166,"column":3}},{"start":{"line":162,"column":2},"end":{"line":166,"column":3}}],"line":162},"5":{"loc":{"start":{"line":175,"column":2},"end":{"line":185,"column":3}},"type":"if","locations":[{"start":{"line":175,"column":2},"end":{"line":185,"column":3}},{"start":{"line":175,"column":2},"end":{"line":185,"column":3}}],"line":175},"6":{"loc":{"start":{"line":192,"column":2},"end":{"line":201,"column":3}},"type":"if","locations":[{"start":{"line":192,"column":2},"end":{"line":201,"column":3}},{"start":{"line":192,"column":2},"end":{"line":201,"column":3}}],"line":192},"7":{"loc":{"start":{"line":210,"column":4},"end":{"line":212,"column":5}},"type":"if","locations":[{"start":{"line":210,"column":4},"end":{"line":212,"column":5}},{"start":{"line":210,"column":4},"end":{"line":212,"column":5}}],"line":210},"8":{"loc":{"start":{"line":216,"column":4},"end":{"line":220,"column":5}},"type":"if","locations":[{"start":{"line":216,"column":4},"end":{"line":220,"column":5}},{"start":{"line":216,"column":4},"end":{"line":220,"column":5}}],"line":216},"9":{"loc":{"start":{"line":263,"column":15},"end":{"line":263,"column":31}},"type":"binary-expr","locations":[{"start":{"line":263,"column":15},"end":{"line":263,"column":25}},{"start":{"line":263,"column":29},"end":{"line":263,"column":31}}],"line":263},"10":{"loc":{"start":{"line":270,"column":6},"end":{"line":272,"column":7}},"type":"if","locations":[{"start":{"line":270,"column":6},"end":{"line":272,"column":7}},{"start":{"line":270,"column":6},"end":{"line":272,"column":7}}],"line":270},"11":{"loc":{"start":{"line":280,"column":4},"end":{"line":282,"column":5}},"type":"if","locations":[{"start":{"line":280,"column":4},"end":{"line":282,"column":5}},{"start":{"line":280,"column":4},"end":{"line":282,"column":5}}],"line":280},"12":{"loc":{"start":{"line":289,"column":2},"end":{"line":334,"column":3}},"type":"if","locations":[{"start":{"line":289,"column":2},"end":{"line":334,"column":3}},{"start":{"line":289,"column":2},"end":{"line":334,"column":3}}],"line":289},"13":{"loc":{"start":{"line":293,"column":4},"end":{"line":331,"column":5}},"type":"if","locations":[{"start":{"line":293,"column":4},"end":{"line":331,"column":5}},{"start":{"line":293,"column":4},"end":{"line":331,"column":5}}],"line":293},"14":{"loc":{"start":{"line":297,"column":8},"end":{"line":299,"column":9}},"type":"if","locations":[{"start":{"line":297,"column":8},"end":{"line":299,"column":9}},{"start":{"line":297,"column":8},"end":{"line":299,"column":9}}],"line":297},"15":{"loc":{"start":{"line":301,"column":6},"end":{"line":330,"column":7}},"type":"if","locations":[{"start":{"line":301,"column":6},"end":{"line":330,"column":7}},{"start":{"line":301,"column":6},"end":{"line":330,"column":7}}],"line":301},"16":{"loc":{"start":{"line":307,"column":12},"end":{"line":309,"column":13}},"type":"if","locations":[{"start":{"line":307,"column":12},"end":{"line":309,"column":13}},{"start":{"line":307,"column":12},"end":{"line":309,"column":13}}],"line":307},"17":{"loc":{"start":{"line":312,"column":10},"end":{"line":314,"column":11}},"type":"if","locations":[{"start":{"line":312,"column":10},"end":{"line":314,"column":11}},{"start":{"line":312,"column":10},"end":{"line":314,"column":11}}],"line":312},"18":{"loc":{"start":{"line":317,"column":8},"end":{"line":322,"column":9}},"type":"if","locations":[{"start":{"line":317,"column":8},"end":{"line":322,"column":9}},{"start":{"line":317,"column":8},"end":{"line":322,"column":9}}],"line":317},"19":{"loc":{"start":{"line":324,"column":8},"end":{"line":329,"column":9}},"type":"if","locations":[{"start":{"line":324,"column":8},"end":{"line":329,"column":9}},{"start":{"line":324,"column":8},"end":{"line":329,"column":9}}],"line":324},"20":{"loc":{"start":{"line":339,"column":2},"end":{"line":343,"column":3}},"type":"if","locations":[{"start":{"line":339,"column":2},"end":{"line":343,"column":3}},{"start":{"line":339,"column":2},"end":{"line":343,"column":3}}],"line":339},"21":{"loc":{"start":{"line":349,"column":2},"end":{"line":389,"column":3}},"type":"if","locations":[{"start":{"line":349,"column":2},"end":{"line":389,"column":3}},{"start":{"line":349,"column":2},"end":{"line":389,"column":3}}],"line":349},"22":{"loc":{"start":{"line":355,"column":6},"end":{"line":357,"column":7}},"type":"if","locations":[{"start":{"line":355,"column":6},"end":{"line":357,"column":7}},{"start":{"line":355,"column":6},"end":{"line":357,"column":7}}],"line":355},"23":{"loc":{"start":{"line":363,"column":4},"end":{"line":365,"column":5}},"type":"if","locations":[{"start":{"line":363,"column":4},"end":{"line":365,"column":5}},{"start":{"line":363,"column":4},"end":{"line":365,"column":5}}],"line":363},"24":{"loc":{"start":{"line":368,"column":4},"end":{"line":386,"column":5}},"type":"if","locations":[{"start":{"line":368,"column":4},"end":{"line":386,"column":5}},{"start":{"line":368,"column":4},"end":{"line":386,"column":5}}],"line":368},"25":{"loc":{"start":{"line":371,"column":6},"end":{"line":379,"column":7}},"type":"if","locations":[{"start":{"line":371,"column":6},"end":{"line":379,"column":7}},{"start":{"line":371,"column":6},"end":{"line":379,"column":7}}],"line":371},"26":{"loc":{"start":{"line":375,"column":13},"end":{"line":379,"column":7}},"type":"if","locations":[{"start":{"line":375,"column":13},"end":{"line":379,"column":7}},{"start":{"line":375,"column":13},"end":{"line":379,"column":7}}],"line":375},"27":{"loc":{"start":{"line":382,"column":6},"end":{"line":384,"column":7}},"type":"if","locations":[{"start":{"line":382,"column":6},"end":{"line":384,"column":7}},{"start":{"line":382,"column":6},"end":{"line":384,"column":7}}],"line":382},"28":{"loc":{"start":{"line":393,"column":15},"end":{"line":393,"column":34}},"type":"binary-expr","locations":[{"start":{"line":393,"column":15},"end":{"line":393,"column":25}},{"start":{"line":393,"column":29},"end":{"line":393,"column":34}}],"line":393},"29":{"loc":{"start":{"line":395,"column":2},"end":{"line":417,"column":3}},"type":"if","locations":[{"start":{"line":395,"column":2},"end":{"line":417,"column":3}},{"start":{"line":395,"column":2},"end":{"line":417,"column":3}}],"line":395},"30":{"loc":{"start":{"line":395,"column":6},"end":{"line":395,"column":94}},"type":"binary-expr","locations":[{"start":{"line":395,"column":7},"end":{"line":395,"column":32}},{"start":{"line":395,"column":36},"end":{"line":395,"column":46}},{"start":{"line":395,"column":51},"end":{"line":395,"column":94}}],"line":395},"31":{"loc":{"start":{"line":398,"column":6},"end":{"line":400,"column":7}},"type":"if","locations":[{"start":{"line":398,"column":6},"end":{"line":400,"column":7}},{"start":{"line":398,"column":6},"end":{"line":400,"column":7}}],"line":398},"32":{"loc":{"start":{"line":402,"column":4},"end":{"line":413,"column":5}},"type":"if","locations":[{"start":{"line":402,"column":4},"end":{"line":413,"column":5}},{"start":{"line":402,"column":4},"end":{"line":413,"column":5}}],"line":402}},"s":{"0":1,"1":1,"2":1,"3":1,"4":1,"5":2,"6":2,"7":2,"8":2,"9":2,"10":2,"11":2,"12":2,"13":2,"14":2,"15":2,"16":2,"17":2,"18":2,"19":2,"20":2,"21":2,"22":2,"23":2,"24":2,"25":2,"26":1,"27":22,"28":22,"29":51,"30":22,"31":1,"32":20,"33":1,"34":17,"35":33,"36":1,"37":13,"38":13,"39":32,"40":13,"41":13,"42":13,"43":0,"44":1,"45":3,"46":3,"47":3,"48":3,"49":0,"50":0,"51":0,"52":0,"53":0,"54":1,"55":0,"56":0,"57":0,"58":0,"59":1,"60":22,"61":1,"62":0,"63":0,"64":0,"65":0,"66":0,"67":0,"68":0,"69":0,"70":0,"71":0,"72":0,"73":0,"74":0,"75":0,"76":0,"77":0,"78":0,"79":1,"80":0,"81":0,"82":0,"83":0,"84":0,"85":0,"86":0,"87":0,"88":1,"89":0,"90":0,"91":0,"92":0,"93":0,"94":0,"95":1,"96":0,"97":0,"98":0,"99":0,"100":0,"101":0,"102":0,"103":0,"104":0,"105":0,"106":0,"107":1,"108":0,"109":0,"110":0,"111":1,"112":2,"113":2,"114":1,"115":3,"116":0,"117":1,"118":3,"119":0,"120":1,"121":0,"122":0,"123":0,"124":0,"125":0,"126":0,"127":0,"128":1,"129":0,"130":0,"131":0,"132":0,"133":0,"134":0,"135":0,"136":0,"137":1,"138":7,"139":7,"140":20,"141":7,"142":7,"143":1,"144":0,"145":0,"146":0,"147":0,"148":0,"149":0,"150":0,"151":0,"152":0,"153":0,"154":0,"155":0,"156":0,"157":0,"158":0,"159":0,"160":0,"161":0,"162":0,"163":0,"164":0,"165":0,"166":0,"167":0,"168":0,"169":0,"170":0,"171":1,"172":0,"173":0,"174":0,"175":0,"176":1,"177":7,"178":7,"179":7,"180":7,"181":0,"182":0,"183":7,"184":7,"185":4,"186":7,"187":0,"188":0,"189":0,"190":0,"191":0,"192":0,"193":0,"194":7,"195":0,"196":7,"197":7,"198":1,"199":0,"200":0,"201":0,"202":0,"203":0,"204":0,"205":0,"206":0,"207":0,"208":0,"209":0,"210":0,"211":0,"212":0,"213":0,"214":0,"215":0,"216":0,"217":1,"218":2,"219":2,"220":2,"221":2,"222":1},"f":{"0":2,"1":22,"2":51,"3":20,"4":17,"5":33,"6":13,"7":32,"8":3,"9":0,"10":0,"11":22,"12":0,"13":0,"14":0,"15":0,"16":0,"17":0,"18":0,"19":0,"20":0,"21":2,"22":3,"23":0,"24":3,"25":0,"26":0,"27":0,"28":0,"29":7,"30":20,"31":0,"32":0,"33":0,"34":7,"35":0,"36":0,"37":2},"b":{"0":[13,19],"1":[0,13],"2":[0,0],"3":[0,0],"4":[0,0],"5":[0,0],"6":[0,0],"7":[0,0],"8":[0,0],"9":[0,0],"10":[0,0],"11":[7,13],"12":[0,0],"13":[0,0],"14":[0,0],"15":[0,0],"16":[0,0],"17":[0,0],"18":[0,0],"19":[0,0],"20":[0,0],"21":[7,0],"22":[0,0],"23":[4,3],"24":[0,7],"25":[0,0],"26":[0,0],"27":[0,7],"28":[0,0],"29":[0,0],"30":[0,0,0],"31":[0,0],"32":[0,0]},"_coverageSchema":"332fd63041d2c1bcb487cc26dd0d5f7d97098a6c","hash":"7ebf6b9a5827efc47b8570c364fd2abc21d56104","contentHash":"398dd108dfeddafe5f1a6385a34f619d_11.3.0"},"/Users/andeladeveloper/Desktop/team-kenya/kenya-cfh/config/socket/player.js":{"path":"/Users/andeladeveloper/Desktop/team-kenya/kenya-cfh/config/socket/player.js","statementMap":{"0":{"start":{"line":2,"column":2},"end":{"line":2,"column":23}},"1":{"start":{"line":3,"column":2},"end":{"line":3,"column":17}},"2":{"start":{"line":4,"column":2},"end":{"line":4,"column":18}},"3":{"start":{"line":5,"column":2},"end":{"line":5,"column":23}},"4":{"start":{"line":6,"column":2},"end":{"line":6,"column":19}},"5":{"start":{"line":7,"column":2},"end":{"line":7,"column":21}},"6":{"start":{"line":8,"column":2},"end":{"line":8,"column":21}},"7":{"start":{"line":9,"column":2},"end":{"line":9,"column":20}},"8":{"start":{"line":12,"column":0},"end":{"line":12,"column":24}}},"fnMap":{"0":{"name":"Player","decl":{"start":{"line":1,"column":9},"end":{"line":1,"column":15}},"loc":{"start":{"line":1,"column":24},"end":{"line":10,"column":1}},"line":1}},"branchMap":{},"s":{"0":13,"1":13,"2":13,"3":13,"4":13,"5":13,"6":13,"7":13,"8":1},"f":{"0":13},"b":{},"_coverageSchema":"332fd63041d2c1bcb487cc26dd0d5f7d97098a6c","hash":"d788c7fe01e68d41864799cd006df2dc2f518707","contentHash":"f650f719365fe8a7ba6f9e580fe854f6_11.3.0"}}